Log file open, 12/13/19 18:31:08
LogWindows: Failed to load 'aqProf.dll' (GetLastError=126)
LogWindows: File 'aqProf.dll' does not exist
LogWindows: Failed to load 'VtuneApi.dll' (GetLastError=126)
LogWindows: File 'VtuneApi.dll' does not exist
LogWindows: Failed to load 'VtuneApi32e.dll' (GetLastError=126)
LogWindows: File 'VtuneApi32e.dll' does not exist
LogConsoleResponse: Display: Failed to find resolution value strings in scalability ini. Falling back to default.
LogInit: Display: Running engine for game: section
LogPakFile: Registered encryption key '00000000000000000000000000000000': 0 pak files mounted, 0 remain pending
LogPlatformFile: Not using cached read wrapper
LogTaskGraph: Started task graph with 5 named threads and 35 total threads with 3 sets of task threads.
LogStats: Stats thread started at 0.402808
LogD3D11RHI: Loaded GFSDK_Aftermath_Lib.x64.dll
LogICUInternationalization: ICU TimeZone Detection - Raw Offset: +1:00, Platform Override: ''
LogPluginManager: Mounting plugin Paper2D
LogPluginManager: Mounting plugin AISupport
LogPluginManager: Mounting plugin LightPropagationVolume
LogPluginManager: Mounting plugin ActorLayerUtilities
LogPluginManager: Mounting plugin AnimationSharing
LogPluginManager: Mounting plugin CLionSourceCodeAccess
LogPluginManager: Mounting plugin CodeLiteSourceCodeAccess
LogPluginManager: Mounting plugin GitSourceControl
LogPluginManager: Mounting plugin KDevelopSourceCodeAccess
LogPluginManager: Mounting plugin NullSourceCodeAccess
LogPluginManager: Mounting plugin PerforceSourceControl
LogPluginManager: Mounting plugin SubversionSourceControl
LogPluginManager: Mounting plugin UObjectPlugin
LogPluginManager: Mounting plugin VisualStudioCodeSourceCodeAccess
LogPluginManager: Mounting plugin VisualStudioSourceCodeAccess
LogPluginManager: Mounting plugin XCodeSourceCodeAccess
LogPluginManager: Mounting plugin AssetManagerEditor
LogPluginManager: Mounting plugin CryptoKeys
LogPluginManager: Mounting plugin DataValidation
LogPluginManager: Mounting plugin EditorScriptingUtilities
LogPluginManager: Mounting plugin FacialAnimation
LogPluginManager: Mounting plugin GameplayTagsEditor
LogPluginManager: Mounting plugin GLTFImporter
LogPluginManager: Mounting plugin MacGraphicsSwitching
LogPluginManager: Mounting plugin MaterialAnalyzer
LogPluginManager: Mounting plugin MeshEditor
LogPluginManager: Mounting plugin MobileLauncherProfileWizard
LogPluginManager: Mounting plugin PluginBrowser
LogPluginManager: Mounting plugin SpeedTreeImporter
LogPluginManager: Mounting plugin DatasmithContent
LogPluginManager: Mounting plugin VariantManagerContent
LogPluginManager: Mounting plugin AlembicImporter
LogPluginManager: Mounting plugin AppleImageUtils
LogPluginManager: Mounting plugin AppleVision
LogPluginManager: Mounting plugin BackChannel
LogPluginManager: Mounting plugin BlastPlugin
LogPluginManager: Mounting plugin ChaosSolverPlugin
LogPluginManager: Mounting plugin CharacterAI
LogPluginManager: Mounting plugin GeometryCache
LogPluginManager: Mounting plugin GeometryCollectionPlugin
LogPluginManager: Mounting plugin HTML5Networking
LogPluginManager: Mounting plugin ProxyLODPlugin
LogPluginManager: Mounting plugin SkeletalReduction
LogPluginManager: Mounting plugin MagicLeap
LogPluginManager: Mounting plugin MagicLeapMedia
LogPluginManager: Mounting plugin AndroidMedia
LogPluginManager: Mounting plugin AvfMedia
LogPluginManager: Mounting plugin ImgMedia
LogPluginManager: Mounting plugin LinearTimecode
LogPluginManager: Mounting plugin MediaCompositing
LogPluginManager: Mounting plugin MediaPlayerEditor
LogPluginManager: Mounting plugin WebMMedia
LogPluginManager: Mounting plugin WmfMedia
LogPluginManager: Mounting plugin TcpMessaging
LogPluginManager: Mounting plugin UdpMessaging
LogPluginManager: Mounting plugin ActorSequence
LogPluginManager: Mounting plugin LevelSequenceEditor
LogPluginManager: Mounting plugin MatineeToLevelSequence
LogPluginManager: Mounting plugin NetcodeUnitTest
LogPluginManager: Mounting plugin NUTUnrealEngine4
LogPluginManager: Mounting plugin OnlineSubsystemGooglePlay
LogPluginManager: Mounting plugin OnlineSubsystemIOS
LogPluginManager: Mounting plugin OnlineSubsystem
LogPluginManager: Mounting plugin OnlineSubsystemNull
LogPluginManager: Mounting plugin OnlineSubsystemUtils
LogPluginManager: Mounting plugin LauncherChunkInstaller
LogPluginManager: Mounting plugin AndroidDeviceProfileSelector
LogPluginManager: Mounting plugin AndroidMoviePlayer
LogPluginManager: Mounting plugin AndroidPermission
LogPluginManager: Mounting plugin AppleMoviePlayer
LogPluginManager: Mounting plugin ArchVisCharacter
LogPluginManager: Mounting plugin AudioCapture
LogPluginManager: Mounting plugin CableComponent
LogPluginManager: Mounting plugin CustomMeshComponent
LogPluginManager: Mounting plugin EditableMesh
LogPluginManager: Mounting plugin ExampleDeviceProfileSelector
LogPluginManager: Mounting plugin Firebase
LogPluginManager: Mounting plugin GoogleCloudMessaging
LogPluginManager: Mounting plugin IOSDeviceProfileSelector
LogPluginManager: Mounting plugin LinuxDeviceProfileSelector
LogPluginManager: Mounting plugin LocationServicesBPLibrary
LogPluginManager: Mounting plugin MobilePatchingUtils
LogPluginManager: Mounting plugin OculusVR
LogPluginManager: Mounting plugin PhysXVehicles
LogPluginManager: Mounting plugin ProceduralMeshComponent
LogPluginManager: Mounting plugin RuntimePhysXCooking
LogPluginManager: Mounting plugin SignificanceManager
LogPluginManager: Mounting plugin SteamVR
LogPluginManager: Mounting plugin WebMMoviePlayer
LogPluginManager: Mounting plugin WindowsMoviePlayer
LogPluginManager: Mounting plugin DatasmithCADImporter
LogPluginManager: Mounting plugin DatasmithDataPrepEditor
LogPluginManager: Mounting plugin DatasmithFBXImporter
LogPluginManager: Mounting plugin DatasmithGLTFImporter
LogPluginManager: Mounting plugin DatasmithImporter
LogPluginManager: Mounting plugin MDLImporter
LogPluginManager: Mounting plugin StaticMeshEditorExtension
LogPluginManager: Mounting plugin VariantManager
LogInit: Using libcurl 7.55.1-DEV
LogInit:  - built for x86_64-pc-win32
LogInit:  - supports SSL with OpenSSL/1.1.1
LogInit:  - supports HTTP deflate (compression) using libz 1.2.8
LogInit:  - other features:
LogInit:      CURL_VERSION_SSL
LogInit:      CURL_VERSION_LIBZ
LogInit:      CURL_VERSION_IPV6
LogInit:      CURL_VERSION_ASYNCHDNS
LogInit:      CURL_VERSION_LARGEFILE
LogInit:      CURL_VERSION_IDN
LogInit:  CurlRequestOptions (configurable via config and command line):
LogInit:  - bVerifyPeer = true  - Libcurl will verify peer certificate
LogInit:  - bUseHttpProxy = false  - Libcurl will NOT use HTTP proxy
LogInit:  - bDontReuseConnections = false  - Libcurl will reuse connections
LogInit:  - MaxHostConnections = 16  - Libcurl will limit the number of connections to a host
LogInit:  - LocalHostAddr = Default
LogInit:  - BufferSize = 65536
LogInit: WinSock: version 1.1 (2.2), MaxSocks=32767, MaxUdp=65467
LogInit: Build: ++UE4+Release-4.22-CL-6574378
LogInit: Engine Version: 4.22.2-6574378+++UE4+Release-4.22
LogInit: Compatible Engine Version: 4.22.0-5660361+++UE4+Release-4.22
LogInit: Net CL: 5660361
LogInit: OS: Windows 10 (Release 1903) (), CPU: AMD Ryzen 5 2600X Six-Core Processor           , GPU: NVIDIA GeForce GTX 1050 Ti
LogInit: Compiled (64-bit): May 20 2019 09:54:56
LogInit: Compiled with Visual C++: 19.16.27025.01
LogInit: Build Configuration: Development
LogInit: Branch Name: ++UE4+Release-4.22
LogInit: Command Line:  -EpicPortal -epicusername=candy_symphony -epicuserid=8f46aae5e1d8458cb63487509c35eb96 -epiclocale=pl-PL
LogInit: Base Directory: C:/Program Files/Epic Games/UE_4.22/Engine/Binaries/Win64/
LogInit: Installed Engine Build: 1
LogDevObjectVersion: Number of dev versions registered: 23
LogDevObjectVersion:   Dev-Blueprints (B0D832E4-1F89-4F0D-ACCF-7EB736FD4AA2): 10
LogDevObjectVersion:   Dev-Build (E1C64328-A22C-4D53-A36C-8E866417BD8C): 0
LogDevObjectVersion:   Dev-Core (375EC13C-06E4-48FB-B500-84F0262A717E): 3
LogDevObjectVersion:   Dev-Editor (E4B068ED-F494-42E9-A231-DA0B2E46BB41): 30
LogDevObjectVersion:   Dev-Framework (CFFC743F-43B0-4480-9391-14DF171D2073): 35
LogDevObjectVersion:   Dev-Mobile (B02B49B5-BB20-44E9-A304-32B752E40360): 2
LogDevObjectVersion:   Dev-Networking (A4E4105C-59A1-49B5-A7C5-40C4547EDFEE): 0
LogDevObjectVersion:   Dev-Online (39C831C9-5AE6-47DC-9A44-9C173E1C8E7C): 0
LogDevObjectVersion:   Dev-Physics (78F01B33-EBEA-4F98-B9B4-84EACCB95AA2): 0
LogDevObjectVersion:   Dev-Platform (6631380F-2D4D-43E0-8009-CF276956A95A): 0
LogDevObjectVersion:   Dev-Rendering (12F88B9F-8875-4AFC-A67C-D90C383ABD29): 28
LogDevObjectVersion:   Dev-Sequencer (7B5AE74C-D270-4C10-A958-57980B212A5A): 11
LogDevObjectVersion:   Dev-VR (D7296918-1DD6-4BDD-9DE2-64A83CC13884): 2
LogDevObjectVersion:   Dev-LoadTimes (C2A15278-BFE7-4AFE-6C17-90FF531DF755): 1
LogDevObjectVersion:   Private-Geometry (6EACA3D4-40EC-4CC1-B786-8BED09428FC5): 3
LogDevObjectVersion:   Dev-AnimPhys (29E575DD-E0A3-4627-9D10-D276232CDCEA): 17
LogDevObjectVersion:   Dev-Anim (AF43A65D-7FD3-4947-9873-3E8ED9C1BB05): 2
LogDevObjectVersion:   Dev-ReflectionCapture (6B266CEC-1EC7-4B8F-A30B-E4D90942FC07): 1
LogDevObjectVersion:   Dev-Automation (0DF73D61-A23F-47EA-B727-89E90C41499A): 1
LogDevObjectVersion:   FortniteMain (601D1886-AC64-4F84-AA16-D3DE0DEAC7D6): 25
LogDevObjectVersion:   Dev-Enterprise (9DFFBCD6-494F-0158-E221-12823C92A888): 6
LogDevObjectVersion:   Dev-Niagara (F2AED0AC-9AFE-416F-8664-AA7FFA26D6FC): 1
LogDevObjectVersion:   Dev-Destruction (174F1F0B-B4C6-45A5-B13F-2EE8D0FB917D): 2
LogInit: Presizing for max 16777216 objects, including 0 objects not considered by GC, pre-allocating 0 bytes for permanent pool.
LogInit: Object subsystem initialized
LogConfig: Setting CVar [[con.DebugEarlyDefault:1]]
LogConfig: Setting CVar [[r.setres:1280x720]]
[2019.12.13-17.31.08:873][  0]LogConfig: Setting CVar [[r.VSync:0]]
[2019.12.13-17.31.08:873][  0]LogConfig: Setting CVar [[r.RHICmdBypass:0]]
[2019.12.13-17.31.08:873][  0]LogConfig: Applying CVar settings from Section [/Script/Engine.RendererSettings] File [E:/studia/programowanie/unrealc++/UnrealC++/section/Saved/Config/Windows/Engine.ini]
[2019.12.13-17.31.08:873][  0]LogConfig: Setting CVar [[r.GPUCrashDebugging:0]]
[2019.12.13-17.31.08:873][  0]LogConfig: Setting CVar [[r.DefaultFeature.AutoExposure.ExtendDefaultLuminanceRange:1]]
[2019.12.13-17.31.08:873][  0]LogConfig: Applying CVar settings from Section [/Script/Engine.RendererOverrideSettings] File [E:/studia/programowanie/unrealc++/UnrealC++/section/Saved/Config/Windows/Engine.ini]
[2019.12.13-17.31.08:874][  0]LogConfig: Applying CVar settings from Section [/Script/Engine.StreamingSettings] File [E:/studia/programowanie/unrealc++/UnrealC++/section/Saved/Config/Windows/Engine.ini]
[2019.12.13-17.31.08:874][  0]LogConfig: Setting CVar [[s.MinBulkDataSizeForAsyncLoading:131072]]
[2019.12.13-17.31.08:874][  0]LogConfig: Setting CVar [[s.AsyncLoadingThreadEnabled:0]]
[2019.12.13-17.31.08:874][  0]LogConfig: Setting CVar [[s.EventDrivenLoaderEnabled:1]]
[2019.12.13-17.31.08:874][  0]LogConfig: Setting CVar [[s.WarnIfTimeLimitExceeded:0]]
[2019.12.13-17.31.08:874][  0]LogConfig: Setting CVar [[s.TimeLimitExceededMultiplier:1.5]]
[2019.12.13-17.31.08:874][  0]LogConfig: Setting CVar [[s.TimeLimitExceededMinTime:0.005]]
[2019.12.13-17.31.08:874][  0]LogConfig: Setting CVar [[s.UseBackgroundLevelStreaming:1]]
[2019.12.13-17.31.08:874][  0]LogConfig: Setting CVar [[s.PriorityAsyncLoadingExtraTime:15.0]]
[2019.12.13-17.31.08:874][  0]LogConfig: Setting CVar [[s.LevelStreamingActorsUpdateTimeLimit:5.0]]
[2019.12.13-17.31.08:874][  0]LogConfig: Setting CVar [[s.PriorityLevelStreamingActorsUpdateExtraTime:5.0]]
[2019.12.13-17.31.08:874][  0]LogConfig: Setting CVar [[s.LevelStreamingComponentsRegistrationGranularity:10]]
[2019.12.13-17.31.08:874][  0]LogConfig: Setting CVar [[s.UnregisterComponentsTimeLimit:1.0]]
[2019.12.13-17.31.08:874][  0]LogConfig: Setting CVar [[s.LevelStreamingComponentsUnregistrationGranularity:5]]
[2019.12.13-17.31.08:874][  0]LogConfig: Applying CVar settings from Section [/Script/Engine.GarbageCollectionSettings] File [E:/studia/programowanie/unrealc++/UnrealC++/section/Saved/Config/Windows/Engine.ini]
[2019.12.13-17.31.08:874][  0]LogConfig: Setting CVar [[gc.MaxObjectsNotConsideredByGC:1]]
[2019.12.13-17.31.08:874][  0]LogConfig: Setting CVar [[gc.SizeOfPermanentObjectPool:0]]
[2019.12.13-17.31.08:874][  0]LogConfig: Setting CVar [[gc.FlushStreamingOnGC:0]]
[2019.12.13-17.31.08:874][  0]LogConfig: Setting CVar [[gc.NumRetriesBeforeForcingGC:10]]
[2019.12.13-17.31.08:874][  0]LogConfig: Setting CVar [[gc.AllowParallelGC:1]]
[2019.12.13-17.31.08:874][  0]LogConfig: Setting CVar [[gc.TimeBetweenPurgingPendingKillObjects:61.1]]
[2019.12.13-17.31.08:874][  0]LogConfig: Setting CVar [[gc.MaxObjectsInEditor:16777216]]
[2019.12.13-17.31.08:874][  0]LogConfig: Setting CVar [[gc.IncrementalBeginDestroyEnabled:1]]
[2019.12.13-17.31.08:874][  0]LogConfig: Setting CVar [[gc.CreateGCClusters:1]]
[2019.12.13-17.31.08:874][  0]LogConfig: Setting CVar [[gc.MinGCClusterSize:5]]
[2019.12.13-17.31.08:874][  0]LogConfig: Setting CVar [[gc.ActorClusteringEnabled:0]]
[2019.12.13-17.31.08:874][  0]LogConfig: Setting CVar [[gc.BlueprintClusteringEnabled:0]]
[2019.12.13-17.31.08:874][  0]LogConfig: Setting CVar [[gc.UseDisregardForGCOnDedicatedServers:0]]
[2019.12.13-17.31.08:874][  0]LogConfig: Applying CVar settings from Section [/Script/Engine.NetworkSettings] File [E:/studia/programowanie/unrealc++/UnrealC++/section/Saved/Config/Windows/Engine.ini]
[2019.12.13-17.31.08:874][  0]LogConfig: Applying CVar settings from Section [/Script/UnrealEd.CookerSettings] File [E:/studia/programowanie/unrealc++/UnrealC++/section/Saved/Config/Windows/Engine.ini]
[2019.12.13-17.31.08:879][  0]LogConfig: Applying CVar settings from Section [ViewDistanceQuality@3] File [E:/studia/programowanie/unrealc++/UnrealC++/section/Saved/Config/Windows/Scalability.ini]
[2019.12.13-17.31.08:879][  0]LogConfig: Setting CVar [[r.SkeletalMeshLODBias:0]]
[2019.12.13-17.31.08:879][  0]LogConfig: Setting CVar [[r.ViewDistanceScale:1.0]]
[2019.12.13-17.31.08:879][  0]LogConfig: Applying CVar settings from Section [AntiAliasingQuality@3] File [E:/studia/programowanie/unrealc++/UnrealC++/section/Saved/Config/Windows/Scalability.ini]
[2019.12.13-17.31.08:879][  0]LogConfig: Setting CVar [[r.PostProcessAAQuality:4]]
[2019.12.13-17.31.08:879][  0]LogConfig: Applying CVar settings from Section [ShadowQuality@3] File [E:/studia/programowanie/unrealc++/UnrealC++/section/Saved/Config/Windows/Scalability.ini]
[2019.12.13-17.31.08:879][  0]LogConfig: Setting CVar [[r.LightFunctionQuality:1]]
[2019.12.13-17.31.08:879][  0]LogConfig: Setting CVar [[r.ShadowQuality:5]]
[2019.12.13-17.31.08:879][  0]LogConfig: Setting CVar [[r.Shadow.CSM.MaxCascades:10]]
[2019.12.13-17.31.08:879][  0]LogConfig: Setting CVar [[r.Shadow.MaxResolution:2048]]
[2019.12.13-17.31.08:879][  0]LogConfig: Setting CVar [[r.Shadow.MaxCSMResolution:2048]]
[2019.12.13-17.31.08:879][  0]LogConfig: Setting CVar [[r.Shadow.RadiusThreshold:0.01]]
[2019.12.13-17.31.08:879][  0]LogConfig: Setting CVar [[r.Shadow.DistanceScale:1.0]]
[2019.12.13-17.31.08:879][  0]LogConfig: Setting CVar [[r.Shadow.CSM.TransitionScale:1.0]]
[2019.12.13-17.31.08:879][  0]LogConfig: Setting CVar [[r.Shadow.PreShadowResolutionFactor:1.0]]
[2019.12.13-17.31.08:879][  0]LogConfig: Setting CVar [[r.DistanceFieldShadowing:1]]
[2019.12.13-17.31.08:879][  0]LogConfig: Setting CVar [[r.DistanceFieldAO:1]]
[2019.12.13-17.31.08:879][  0]LogConfig: Setting CVar [[r.AOQuality:2]]
[2019.12.13-17.31.08:879][  0]LogConfig: Setting CVar [[r.VolumetricFog:1]]
[2019.12.13-17.31.08:879][  0]LogConfig: Setting CVar [[r.VolumetricFog.GridPixelSize:8]]
[2019.12.13-17.31.08:879][  0]LogConfig: Setting CVar [[r.VolumetricFog.GridSizeZ:128]]
[2019.12.13-17.31.08:879][  0]LogConfig: Setting CVar [[r.VolumetricFog.HistoryMissSupersampleCount:4]]
[2019.12.13-17.31.08:879][  0]LogConfig: Setting CVar [[r.LightMaxDrawDistanceScale:1]]
[2019.12.13-17.31.08:879][  0]LogConfig: Setting CVar [[r.CapsuleShadows:1]]
[2019.12.13-17.31.08:879][  0]LogConfig: Applying CVar settings from Section [PostProcessQuality@3] File [E:/studia/programowanie/unrealc++/UnrealC++/section/Saved/Config/Windows/Scalability.ini]
[2019.12.13-17.31.08:879][  0]LogConfig: Setting CVar [[r.MotionBlurQuality:4]]
[2019.12.13-17.31.08:879][  0]LogConfig: Setting CVar [[r.AmbientOcclusionMipLevelFactor:0.4]]
[2019.12.13-17.31.08:879][  0]LogConfig: Setting CVar [[r.AmbientOcclusionMaxQuality:100]]
[2019.12.13-17.31.08:879][  0]LogConfig: Setting CVar [[r.AmbientOcclusionLevels:-1]]
[2019.12.13-17.31.08:879][  0]LogConfig: Setting CVar [[r.AmbientOcclusionRadiusScale:1.0]]
[2019.12.13-17.31.08:879][  0]LogConfig: Setting CVar [[r.DepthOfFieldQuality:2]]
[2019.12.13-17.31.08:879][  0]LogConfig: Setting CVar [[r.RenderTargetPoolMin:400]]
[2019.12.13-17.31.08:879][  0]LogConfig: Setting CVar [[r.LensFlareQuality:2]]
[2019.12.13-17.31.08:879][  0]LogConfig: Setting CVar [[r.SceneColorFringeQuality:1]]
[2019.12.13-17.31.08:879][  0]LogConfig: Setting CVar [[r.EyeAdaptationQuality:2]]
[2019.12.13-17.31.08:879][  0]LogConfig: Setting CVar [[r.BloomQuality:5]]
[2019.12.13-17.31.08:879][  0]LogConfig: Setting CVar [[r.FastBlurThreshold:100]]
[2019.12.13-17.31.08:879][  0]LogConfig: Setting CVar [[r.Upscale.Quality:3]]
[2019.12.13-17.31.08:879][  0]LogConfig: Setting CVar [[r.Tonemapper.GrainQuantization:1]]
[2019.12.13-17.31.08:879][  0]LogConfig: Setting CVar [[r.LightShaftQuality:1]]
[2019.12.13-17.31.08:879][  0]LogConfig: Setting CVar [[r.Filter.SizeScale:1]]
[2019.12.13-17.31.08:879][  0]LogConfig: Setting CVar [[r.Tonemapper.Quality:5]]
[2019.12.13-17.31.08:879][  0]LogConfig: Setting CVar [[r.DOF.Gather.AccumulatorQuality:1        ; higher gathering accumulator quality]]
[2019.12.13-17.31.08:879][  0]LogConfig: Setting CVar [[r.DOF.Gather.PostfilterMethod:1          ; Median3x3 postfilering method]]
[2019.12.13-17.31.08:879][  0]LogConfig: Setting CVar [[r.DOF.Gather.EnableBokehSettings:0       ; no bokeh simulation when gathering]]
[2019.12.13-17.31.08:879][  0]LogConfig: Setting CVar [[r.DOF.Gather.RingCount:4                 ; medium number of samples when gathering]]
[2019.12.13-17.31.08:879][  0]LogConfig: Setting CVar [[r.DOF.Scatter.ForegroundCompositing:1    ; additive foreground scattering]]
[2019.12.13-17.31.08:879][  0]LogConfig: Setting CVar [[r.DOF.Scatter.BackgroundCompositing:2    ; additive background scattering]]
[2019.12.13-17.31.08:879][  0]LogConfig: Setting CVar [[r.DOF.Scatter.EnableBokehSettings:1      ; bokeh simulation when scattering]]
[2019.12.13-17.31.08:879][  0]LogConfig: Setting CVar [[r.DOF.Scatter.MaxSpriteRatio:0.1         ; only a maximum of 10% of scattered bokeh]]
[2019.12.13-17.31.08:879][  0]LogConfig: Setting CVar [[r.DOF.Recombine.Quality:1                ; cheap slight out of focus]]
[2019.12.13-17.31.08:879][  0]LogConfig: Setting CVar [[r.DOF.Recombine.EnableBokehSettings:0    ; no bokeh simulation on slight out of focus]]
[2019.12.13-17.31.08:879][  0]LogConfig: Setting CVar [[r.DOF.TemporalAAQuality:1                ; more stable temporal accumulation]]
[2019.12.13-17.31.08:879][  0]LogConfig: Setting CVar [[r.DOF.Kernel.MaxForegroundRadius:0.025]]
[2019.12.13-17.31.08:879][  0]LogConfig: Setting CVar [[r.DOF.Kernel.MaxBackgroundRadius:0.025]]
[2019.12.13-17.31.08:879][  0]LogConfig: Applying CVar settings from Section [TextureQuality@3] File [E:/studia/programowanie/unrealc++/UnrealC++/section/Saved/Config/Windows/Scalability.ini]
[2019.12.13-17.31.08:879][  0]LogConfig: Setting CVar [[r.Streaming.MipBias:0]]
[2019.12.13-17.31.08:879][  0]LogConfig: Setting CVar [[r.Streaming.AmortizeCPUToGPUCopy:0]]
[2019.12.13-17.31.08:879][  0]LogConfig: Setting CVar [[r.Streaming.MaxNumTexturesToStreamPerFrame:0]]
[2019.12.13-17.31.08:879][  0]LogConfig: Setting CVar [[r.Streaming.Boost:1]]
[2019.12.13-17.31.08:879][  0]LogConfig: Setting CVar [[r.MaxAnisotropy:8]]
[2019.12.13-17.31.08:879][  0]LogConfig: Setting CVar [[r.Streaming.LimitPoolSizeToVRAM:0]]
[2019.12.13-17.31.08:879][  0]LogConfig: Setting CVar [[r.Streaming.PoolSize:1000]]
[2019.12.13-17.31.08:879][  0]LogConfig: Setting CVar [[r.Streaming.MaxEffectiveScreenSize:0]]
[2019.12.13-17.31.08:879][  0]LogConfig: Applying CVar settings from Section [EffectsQuality@3] File [E:/studia/programowanie/unrealc++/UnrealC++/section/Saved/Config/Windows/Scalability.ini]
[2019.12.13-17.31.08:879][  0]LogConfig: Setting CVar [[r.TranslucencyLightingVolumeDim:64]]
[2019.12.13-17.31.08:879][  0]LogConfig: Setting CVar [[r.RefractionQuality:2]]
[2019.12.13-17.31.08:879][  0]LogConfig: Setting CVar [[r.SSR.Quality:3]]
[2019.12.13-17.31.08:879][  0]LogConfig: Setting CVar [[r.SceneColorFormat:4]]
[2019.12.13-17.31.08:879][  0]LogConfig: Setting CVar [[r.DetailMode:2]]
[2019.12.13-17.31.08:879][  0]LogConfig: Setting CVar [[r.TranslucencyVolumeBlur:1]]
[2019.12.13-17.31.08:879][  0]LogConfig: Setting CVar [[r.MaterialQualityLevel:1 ; High quality]]
[2019.12.13-17.31.08:879][  0]LogConfig: Setting CVar [[r.SSS.Scale:1]]
[2019.12.13-17.31.08:879][  0]LogConfig: Setting CVar [[r.SSS.SampleSet:2]]
[2019.12.13-17.31.08:880][  0]LogConfig: Setting CVar [[r.SSS.Quality:1]]
[2019.12.13-17.31.08:880][  0]LogConfig: Setting CVar [[r.SSS.HalfRes:1]]
[2019.12.13-17.31.08:880][  0]LogConfig: Setting CVar [[r.EmitterSpawnRateScale:1.0]]
[2019.12.13-17.31.08:880][  0]LogConfig: Setting CVar [[r.ParticleLightQuality:2]]
[2019.12.13-17.31.08:880][  0]LogConfig: Applying CVar settings from Section [FoliageQuality@3] File [E:/studia/programowanie/unrealc++/UnrealC++/section/Saved/Config/Windows/Scalability.ini]
[2019.12.13-17.31.08:880][  0]LogConfig: Setting CVar [[foliage.DensityScale:1.0]]
[2019.12.13-17.31.08:880][  0]LogConfig: Setting CVar [[grass.DensityScale:1.0]]
[2019.12.13-17.31.08:880][  0]LogInit: Selected Device Profile: [Windows]
[2019.12.13-17.31.08:880][  0]LogInit: Applying CVar settings loaded from the selected device profile: [Windows]
[2019.12.13-17.31.08:888][  0]LogHAL: Display: Platform has ~ 16 GB [17125945344 / 17179869184 / 16], which maps to Larger [LargestMinGB=32, LargerMinGB=12, DefaultMinGB=8, SmallerMinGB=6, SmallestMinGB=0)
[2019.12.13-17.31.08:888][  0]LogConfig: Setting CVar [[r.Vulkan.UseRealUBs:0		; Required until we fix HLR fall-out]]
[2019.12.13-17.31.08:888][  0]LogInit: Going up to parent DeviceProfile []
[2019.12.13-17.31.08:888][  0]LogConfig: Applying CVar settings from Section [ViewDistanceQuality@3] File [E:/studia/programowanie/unrealc++/UnrealC++/section/Saved/Config/Windows/Scalability.ini]
[2019.12.13-17.31.08:888][  0]LogConfig: Setting CVar [[r.SkeletalMeshLODBias:0]]
[2019.12.13-17.31.08:888][  0]LogConfig: Setting CVar [[r.ViewDistanceScale:1.0]]
[2019.12.13-17.31.08:888][  0]LogConfig: Applying CVar settings from Section [AntiAliasingQuality@3] File [E:/studia/programowanie/unrealc++/UnrealC++/section/Saved/Config/Windows/Scalability.ini]
[2019.12.13-17.31.08:888][  0]LogConfig: Setting CVar [[r.PostProcessAAQuality:4]]
[2019.12.13-17.31.08:888][  0]LogConfig: Applying CVar settings from Section [ShadowQuality@3] File [E:/studia/programowanie/unrealc++/UnrealC++/section/Saved/Config/Windows/Scalability.ini]
[2019.12.13-17.31.08:888][  0]LogConfig: Setting CVar [[r.LightFunctionQuality:1]]
[2019.12.13-17.31.08:888][  0]LogConfig: Setting CVar [[r.ShadowQuality:5]]
[2019.12.13-17.31.08:889][  0]LogConfig: Setting CVar [[r.Shadow.CSM.MaxCascades:10]]
[2019.12.13-17.31.08:889][  0]LogConfig: Setting CVar [[r.Shadow.MaxResolution:2048]]
[2019.12.13-17.31.08:889][  0]LogConfig: Setting CVar [[r.Shadow.MaxCSMResolution:2048]]
[2019.12.13-17.31.08:889][  0]LogConfig: Setting CVar [[r.Shadow.RadiusThreshold:0.01]]
[2019.12.13-17.31.08:889][  0]LogConfig: Setting CVar [[r.Shadow.DistanceScale:1.0]]
[2019.12.13-17.31.08:889][  0]LogConfig: Setting CVar [[r.Shadow.CSM.TransitionScale:1.0]]
[2019.12.13-17.31.08:889][  0]LogConfig: Setting CVar [[r.Shadow.PreShadowResolutionFactor:1.0]]
[2019.12.13-17.31.08:889][  0]LogConfig: Setting CVar [[r.DistanceFieldShadowing:1]]
[2019.12.13-17.31.08:889][  0]LogConfig: Setting CVar [[r.DistanceFieldAO:1]]
[2019.12.13-17.31.08:889][  0]LogConfig: Setting CVar [[r.AOQuality:2]]
[2019.12.13-17.31.08:889][  0]LogConfig: Setting CVar [[r.VolumetricFog:1]]
[2019.12.13-17.31.08:889][  0]LogConfig: Setting CVar [[r.VolumetricFog.GridPixelSize:8]]
[2019.12.13-17.31.08:889][  0]LogConfig: Setting CVar [[r.VolumetricFog.GridSizeZ:128]]
[2019.12.13-17.31.08:889][  0]LogConfig: Setting CVar [[r.VolumetricFog.HistoryMissSupersampleCount:4]]
[2019.12.13-17.31.08:889][  0]LogConfig: Setting CVar [[r.LightMaxDrawDistanceScale:1]]
[2019.12.13-17.31.08:889][  0]LogConfig: Setting CVar [[r.CapsuleShadows:1]]
[2019.12.13-17.31.08:889][  0]LogConfig: Applying CVar settings from Section [PostProcessQuality@3] File [E:/studia/programowanie/unrealc++/UnrealC++/section/Saved/Config/Windows/Scalability.ini]
[2019.12.13-17.31.08:889][  0]LogConfig: Setting CVar [[r.MotionBlurQuality:4]]
[2019.12.13-17.31.08:889][  0]LogConfig: Setting CVar [[r.AmbientOcclusionMipLevelFactor:0.4]]
[2019.12.13-17.31.08:889][  0]LogConfig: Setting CVar [[r.AmbientOcclusionMaxQuality:100]]
[2019.12.13-17.31.08:889][  0]LogConfig: Setting CVar [[r.AmbientOcclusionLevels:-1]]
[2019.12.13-17.31.08:889][  0]LogConfig: Setting CVar [[r.AmbientOcclusionRadiusScale:1.0]]
[2019.12.13-17.31.08:889][  0]LogConfig: Setting CVar [[r.DepthOfFieldQuality:2]]
[2019.12.13-17.31.08:889][  0]LogConfig: Setting CVar [[r.RenderTargetPoolMin:400]]
[2019.12.13-17.31.08:889][  0]LogConfig: Setting CVar [[r.LensFlareQuality:2]]
[2019.12.13-17.31.08:889][  0]LogConfig: Setting CVar [[r.SceneColorFringeQuality:1]]
[2019.12.13-17.31.08:889][  0]LogConfig: Setting CVar [[r.EyeAdaptationQuality:2]]
[2019.12.13-17.31.08:889][  0]LogConfig: Setting CVar [[r.BloomQuality:5]]
[2019.12.13-17.31.08:889][  0]LogConfig: Setting CVar [[r.FastBlurThreshold:100]]
[2019.12.13-17.31.08:889][  0]LogConfig: Setting CVar [[r.Upscale.Quality:3]]
[2019.12.13-17.31.08:889][  0]LogConfig: Setting CVar [[r.Tonemapper.GrainQuantization:1]]
[2019.12.13-17.31.08:889][  0]LogConfig: Setting CVar [[r.LightShaftQuality:1]]
[2019.12.13-17.31.08:889][  0]LogConfig: Setting CVar [[r.Filter.SizeScale:1]]
[2019.12.13-17.31.08:889][  0]LogConfig: Setting CVar [[r.Tonemapper.Quality:5]]
[2019.12.13-17.31.08:889][  0]LogConfig: Setting CVar [[r.DOF.Gather.AccumulatorQuality:1        ; higher gathering accumulator quality]]
[2019.12.13-17.31.08:889][  0]LogConfig: Setting CVar [[r.DOF.Gather.PostfilterMethod:1          ; Median3x3 postfilering method]]
[2019.12.13-17.31.08:889][  0]LogConfig: Setting CVar [[r.DOF.Gather.EnableBokehSettings:0       ; no bokeh simulation when gathering]]
[2019.12.13-17.31.08:889][  0]LogConfig: Setting CVar [[r.DOF.Gather.RingCount:4                 ; medium number of samples when gathering]]
[2019.12.13-17.31.08:889][  0]LogConfig: Setting CVar [[r.DOF.Scatter.ForegroundCompositing:1    ; additive foreground scattering]]
[2019.12.13-17.31.08:889][  0]LogConfig: Setting CVar [[r.DOF.Scatter.BackgroundCompositing:2    ; additive background scattering]]
[2019.12.13-17.31.08:889][  0]LogConfig: Setting CVar [[r.DOF.Scatter.EnableBokehSettings:1      ; bokeh simulation when scattering]]
[2019.12.13-17.31.08:889][  0]LogConfig: Setting CVar [[r.DOF.Scatter.MaxSpriteRatio:0.1         ; only a maximum of 10% of scattered bokeh]]
[2019.12.13-17.31.08:889][  0]LogConfig: Setting CVar [[r.DOF.Recombine.Quality:1                ; cheap slight out of focus]]
[2019.12.13-17.31.08:889][  0]LogConfig: Setting CVar [[r.DOF.Recombine.EnableBokehSettings:0    ; no bokeh simulation on slight out of focus]]
[2019.12.13-17.31.08:889][  0]LogConfig: Setting CVar [[r.DOF.TemporalAAQuality:1                ; more stable temporal accumulation]]
[2019.12.13-17.31.08:889][  0]LogConfig: Setting CVar [[r.DOF.Kernel.MaxForegroundRadius:0.025]]
[2019.12.13-17.31.08:889][  0]LogConfig: Setting CVar [[r.DOF.Kernel.MaxBackgroundRadius:0.025]]
[2019.12.13-17.31.08:889][  0]LogConfig: Applying CVar settings from Section [TextureQuality@3] File [E:/studia/programowanie/unrealc++/UnrealC++/section/Saved/Config/Windows/Scalability.ini]
[2019.12.13-17.31.08:889][  0]LogConfig: Setting CVar [[r.Streaming.MipBias:0]]
[2019.12.13-17.31.08:889][  0]LogConfig: Setting CVar [[r.Streaming.AmortizeCPUToGPUCopy:0]]
[2019.12.13-17.31.08:889][  0]LogConfig: Setting CVar [[r.Streaming.MaxNumTexturesToStreamPerFrame:0]]
[2019.12.13-17.31.08:889][  0]LogConfig: Setting CVar [[r.Streaming.Boost:1]]
[2019.12.13-17.31.08:889][  0]LogConfig: Setting CVar [[r.MaxAnisotropy:8]]
[2019.12.13-17.31.08:889][  0]LogConfig: Setting CVar [[r.Streaming.LimitPoolSizeToVRAM:0]]
[2019.12.13-17.31.08:889][  0]LogConfig: Setting CVar [[r.Streaming.PoolSize:1000]]
[2019.12.13-17.31.08:889][  0]LogConfig: Setting CVar [[r.Streaming.MaxEffectiveScreenSize:0]]
[2019.12.13-17.31.08:889][  0]LogConfig: Applying CVar settings from Section [EffectsQuality@3] File [E:/studia/programowanie/unrealc++/UnrealC++/section/Saved/Config/Windows/Scalability.ini]
[2019.12.13-17.31.08:889][  0]LogConfig: Setting CVar [[r.TranslucencyLightingVolumeDim:64]]
[2019.12.13-17.31.08:889][  0]LogConfig: Setting CVar [[r.RefractionQuality:2]]
[2019.12.13-17.31.08:889][  0]LogConfig: Setting CVar [[r.SSR.Quality:3]]
[2019.12.13-17.31.08:889][  0]LogConfig: Setting CVar [[r.SceneColorFormat:4]]
[2019.12.13-17.31.08:889][  0]LogConfig: Setting CVar [[r.DetailMode:2]]
[2019.12.13-17.31.08:889][  0]LogConfig: Setting CVar [[r.TranslucencyVolumeBlur:1]]
[2019.12.13-17.31.08:889][  0]LogConfig: Setting CVar [[r.MaterialQualityLevel:1 ; High quality]]
[2019.12.13-17.31.08:889][  0]LogConfig: Setting CVar [[r.SSS.Scale:1]]
[2019.12.13-17.31.08:889][  0]LogConfig: Setting CVar [[r.SSS.SampleSet:2]]
[2019.12.13-17.31.08:889][  0]LogConfig: Setting CVar [[r.SSS.Quality:1]]
[2019.12.13-17.31.08:889][  0]LogConfig: Setting CVar [[r.SSS.HalfRes:1]]
[2019.12.13-17.31.08:889][  0]LogConfig: Setting CVar [[r.EmitterSpawnRateScale:1.0]]
[2019.12.13-17.31.08:889][  0]LogConfig: Setting CVar [[r.ParticleLightQuality:2]]
[2019.12.13-17.31.08:889][  0]LogConfig: Applying CVar settings from Section [FoliageQuality@3] File [E:/studia/programowanie/unrealc++/UnrealC++/section/Saved/Config/Windows/Scalability.ini]
[2019.12.13-17.31.08:889][  0]LogConfig: Setting CVar [[foliage.DensityScale:1.0]]
[2019.12.13-17.31.08:889][  0]LogConfig: Setting CVar [[grass.DensityScale:1.0]]
[2019.12.13-17.31.08:889][  0]LogConfig: Applying CVar settings from Section [Startup] File [../../../Engine/Config/ConsoleVariables.ini]
[2019.12.13-17.31.08:890][  0]LogConfig: Setting CVar [[net.UseAdaptiveNetUpdateFrequency:0]]
[2019.12.13-17.31.08:890][  0]LogConfig: Setting CVar [[p.chaos.AllowCreatePhysxBodies:1]]
[2019.12.13-17.31.08:890][  0]LogConfig: Applying CVar settings from Section [ConsoleVariables] File [E:/studia/programowanie/unrealc++/UnrealC++/section/Saved/Config/Windows/Engine.ini]
[2019.12.13-17.31.08:890][  0]LogInit: Computer: DESKTOP-68LHGNG
[2019.12.13-17.31.08:890][  0]LogInit: User: GabrielaJ
[2019.12.13-17.31.08:890][  0]LogInit: CPU Page size=4096, Cores=6
[2019.12.13-17.31.08:890][  0]LogInit: High frequency timer resolution =10.000000 MHz
[2019.12.13-17.31.08:890][  0]LogMemory: Memory total: Physical=15.9GB (16GB approx)
[2019.12.13-17.31.08:890][  0]LogMemory: Platform Memory Stats for Windows
[2019.12.13-17.31.08:890][  0]LogMemory: Process Physical Memory: 101.52 MB used, 101.52 MB peak
[2019.12.13-17.31.08:890][  0]LogMemory: Process Virtual Memory: 90.01 MB used, 90.01 MB peak
[2019.12.13-17.31.08:890][  0]LogMemory: Physical Memory: 7133.25 MB used,  9199.33 MB free, 16332.57 MB total
[2019.12.13-17.31.08:890][  0]LogMemory: Virtual Memory: 4661.07 MB used,  134213064.00 MB free, 134217728.00 MB total
[2019.12.13-17.31.08:911][  0]LogInit: Using OS detected language (pl-PL).
[2019.12.13-17.31.08:911][  0]LogInit: Using OS detected locale (pl-PL).
[2019.12.13-17.31.08:912][  0]LogTextLocalizationManager: No specific localization for 'pl-PL' exists, so the 'pl' localization will be used.
[2019.12.13-17.31.08:912][  0]LogTextLocalizationResource: LocRes '../../../Engine/Content/Localization/Editor/pl/Editor.locres' could not be opened for reading!
[2019.12.13-17.31.08:912][  0]LogTextLocalizationResource: LocRes '../../../Engine/Content/Localization/EditorTutorials/pl/EditorTutorials.locres' could not be opened for reading!
[2019.12.13-17.31.08:912][  0]LogTextLocalizationResource: LocRes '../../../Engine/Content/Localization/Keywords/pl/Keywords.locres' could not be opened for reading!
[2019.12.13-17.31.08:912][  0]LogTextLocalizationResource: LocRes '../../../Engine/Content/Localization/Category/pl/Category.locres' could not be opened for reading!
[2019.12.13-17.31.08:913][  0]LogTextLocalizationResource: LocRes '../../../Engine/Content/Localization/ToolTips/pl/ToolTips.locres' could not be opened for reading!
[2019.12.13-17.31.08:913][  0]LogTextLocalizationResource: LocRes '../../../Engine/Content/Localization/PropertyNames/pl/PropertyNames.locres' could not be opened for reading!
[2019.12.13-17.31.08:913][  0]LogTextLocalizationResource: LocRes '../../../Engine/Content/Localization/Engine/pl/Engine.locres' could not be opened for reading!
[2019.12.13-17.31.08:914][  0]LogInit: Setting process to per monitor DPI aware
[2019.12.13-17.31.08:955][  0]LogSlate: New Slate User Created.  User Index 0, Is Virtual User: 0
[2019.12.13-17.31.08:955][  0]LogSlate: Slate User Registered.  User Index 0, Is Virtual User: 0
[2019.12.13-17.31.09:130][  0]LogHMD: Failed to initialize OpenVR with code 110
[2019.12.13-17.31.09:130][  0]LogD3D11RHI: D3D11 adapters:
[2019.12.13-17.31.09:204][  0]LogD3D11RHI:    0. 'NVIDIA GeForce GTX 1050 Ti' (Feature Level 11_0)
[2019.12.13-17.31.09:204][  0]LogD3D11RHI:       4018/0/8166 MB DedicatedVideo/DedicatedSystem/SharedSystem, Outputs:2, VendorId:0x10de
[2019.12.13-17.31.09:207][  0]LogD3D11RHI:    1. 'Microsoft Basic Render Driver' (Feature Level 11_0)
[2019.12.13-17.31.09:207][  0]LogD3D11RHI:       0/0/8166 MB DedicatedVideo/DedicatedSystem/SharedSystem, Outputs:0, VendorId:0x1414
[2019.12.13-17.31.09:207][  0]LogD3D11RHI: Chosen D3D11 Adapter: 0
[2019.12.13-17.31.09:216][  0]LogD3D11RHI: Creating new Direct3DDevice
[2019.12.13-17.31.09:217][  0]LogD3D11RHI:     GPU DeviceId: 0x1c82 (for the marketing name, search the web for "GPU Device Id")
[2019.12.13-17.31.09:217][  0]LogWindows: EnumDisplayDevices:
[2019.12.13-17.31.09:217][  0]LogWindows:    0. 'NVIDIA GeForce GTX 1050 Ti' (P:0 D:1)
[2019.12.13-17.31.09:218][  0]LogWindows:    1. 'NVIDIA GeForce GTX 1050 Ti' (P:1 D:1)
[2019.12.13-17.31.09:218][  0]LogWindows:    2. 'NVIDIA GeForce GTX 1050 Ti' (P:0 D:0)
[2019.12.13-17.31.09:219][  0]LogWindows:    3. 'NVIDIA GeForce GTX 1050 Ti' (P:0 D:0)
[2019.12.13-17.31.09:219][  0]LogWindows: DebugString: FoundDriverCount:4 
[2019.12.13-17.31.09:219][  0]LogD3D11RHI:     Adapter Name: NVIDIA GeForce GTX 1050 Ti
[2019.12.13-17.31.09:219][  0]LogD3D11RHI:   Driver Version: 432.00 (internal:26.21.14.3200, unified:432.00)
[2019.12.13-17.31.09:219][  0]LogD3D11RHI:      Driver Date: 7-24-2019
[2019.12.13-17.31.09:219][  0]LogRHI: Texture pool is 2812 MB (70% of 4018 MB)
[2019.12.13-17.31.09:268][  0]LogD3D11RHI: Async texture creation enabled
[2019.12.13-17.31.09:272][  0]LogRendererCore: FGlobalReadBuffer::InitRHI
[2019.12.13-17.31.09:272][  0]LogRendererCore: FGlobalReadBuffer::InitRHI
[2019.12.13-17.31.09:272][  0]LogRendererCore: FGlobalReadBuffer::InitRHI
[2019.12.13-17.31.09:280][  0]LogD3D11RHI: GPU Timing Frequency: 1000.000000 (Debug: 2 1)
[2019.12.13-17.31.09:615][  0]LogTemp: Display: Module 'AllDesktopTargetPlatform' loaded TargetPlatform 'AllDesktop'
[2019.12.13-17.31.09:629][  0]LogTemp: Display: Module 'MacClientTargetPlatform' loaded TargetPlatform 'MacClient'
[2019.12.13-17.31.09:643][  0]LogTemp: Display: Module 'MacNoEditorTargetPlatform' loaded TargetPlatform 'MacNoEditor'
[2019.12.13-17.31.09:657][  0]LogTemp: Display: Module 'MacServerTargetPlatform' loaded TargetPlatform 'MacServer'
[2019.12.13-17.31.09:670][  0]LogTemp: Display: Module 'MacTargetPlatform' loaded TargetPlatform 'Mac'
[2019.12.13-17.31.09:685][  0]LogTemp: Display: Module 'WindowsClientTargetPlatform' loaded TargetPlatform 'WindowsClient'
[2019.12.13-17.31.09:698][  0]LogTemp: Display: Module 'WindowsNoEditorTargetPlatform' loaded TargetPlatform 'WindowsNoEditor'
[2019.12.13-17.31.09:712][  0]LogTemp: Display: Module 'WindowsServerTargetPlatform' loaded TargetPlatform 'WindowsServer'
[2019.12.13-17.31.09:719][  0]LogTemp: Display: Module 'WindowsTargetPlatform' loaded TargetPlatform 'Windows'
[2019.12.13-17.31.09:804][  0]LogTemp: Display: Module 'AndroidTargetPlatform' loaded TargetPlatform 'Android'
[2019.12.13-17.31.09:804][  0]LogTemp: Display: Module 'AndroidTargetPlatform' loaded TargetPlatform 'Android_ASTC'
[2019.12.13-17.31.09:804][  0]LogTemp: Display: Module 'AndroidTargetPlatform' loaded TargetPlatform 'Android_ATC'
[2019.12.13-17.31.09:804][  0]LogTemp: Display: Module 'AndroidTargetPlatform' loaded TargetPlatform 'Android_DXT'
[2019.12.13-17.31.09:804][  0]LogTemp: Display: Module 'AndroidTargetPlatform' loaded TargetPlatform 'Android_ETC1'
[2019.12.13-17.31.09:804][  0]LogTemp: Display: Module 'AndroidTargetPlatform' loaded TargetPlatform 'Android_ETC1a'
[2019.12.13-17.31.09:804][  0]LogTemp: Display: Module 'AndroidTargetPlatform' loaded TargetPlatform 'Android_ETC2'
[2019.12.13-17.31.09:805][  0]LogTemp: Display: Module 'AndroidTargetPlatform' loaded TargetPlatform 'Android_PVRTC'
[2019.12.13-17.31.09:805][  0]LogTemp: Display: Module 'AndroidTargetPlatform' loaded TargetPlatform 'AndroidClient'
[2019.12.13-17.31.09:805][  0]LogTemp: Display: Module 'AndroidTargetPlatform' loaded TargetPlatform 'Android_ASTCClient'
[2019.12.13-17.31.09:805][  0]LogTemp: Display: Module 'AndroidTargetPlatform' loaded TargetPlatform 'Android_ATCClient'
[2019.12.13-17.31.09:805][  0]LogTemp: Display: Module 'AndroidTargetPlatform' loaded TargetPlatform 'Android_DXTClient'
[2019.12.13-17.31.09:805][  0]LogTemp: Display: Module 'AndroidTargetPlatform' loaded TargetPlatform 'Android_ETC1Client'
[2019.12.13-17.31.09:805][  0]LogTemp: Display: Module 'AndroidTargetPlatform' loaded TargetPlatform 'Android_ETC1aClient'
[2019.12.13-17.31.09:805][  0]LogTemp: Display: Module 'AndroidTargetPlatform' loaded TargetPlatform 'Android_ETC2Client'
[2019.12.13-17.31.09:805][  0]LogTemp: Display: Module 'AndroidTargetPlatform' loaded TargetPlatform 'Android_PVRTCClient'
[2019.12.13-17.31.09:805][  0]LogTemp: Display: Module 'AndroidTargetPlatform' loaded TargetPlatform 'Android_Multi'
[2019.12.13-17.31.09:805][  0]LogTemp: Display: Module 'AndroidTargetPlatform' loaded TargetPlatform 'Android_MultiClient'
[2019.12.13-17.31.09:807][  0]LogTemp: Display: Module 'HTML5TargetPlatform' loaded TargetPlatform 'HTML5'
[2019.12.13-17.31.09:856][  0]LogTemp: Display: Module 'IOSTargetPlatform' loaded TargetPlatform 'IOSClient'
[2019.12.13-17.31.09:856][  0]LogTemp: Display: Module 'IOSTargetPlatform' loaded TargetPlatform 'IOS'
[2019.12.13-17.31.09:881][  0]LogTemp: Display: Module 'TVOSTargetPlatform' loaded TargetPlatform 'TVOSClient'
[2019.12.13-17.31.09:882][  0]LogTemp: Display: Module 'TVOSTargetPlatform' loaded TargetPlatform 'TVOS'
[2019.12.13-17.31.09:895][  0]LogTemp: Display: Module 'LinuxClientTargetPlatform' loaded TargetPlatform 'LinuxClient'
[2019.12.13-17.31.09:908][  0]LogTemp: Display: Module 'LinuxNoEditorTargetPlatform' loaded TargetPlatform 'LinuxNoEditor'
[2019.12.13-17.31.09:920][  0]LogTemp: Display: Module 'LinuxServerTargetPlatform' loaded TargetPlatform 'LinuxServer'
[2019.12.13-17.31.09:934][  0]LogTemp: Display: Module 'LinuxTargetPlatform' loaded TargetPlatform 'Linux'
[2019.12.13-17.31.09:981][  0]LogTemp: Display: Module 'LuminTargetPlatform' loaded TargetPlatform 'Lumin'
[2019.12.13-17.31.09:981][  0]LogTemp: Display: Module 'LuminTargetPlatform' loaded TargetPlatform 'LuminClient'
[2019.12.13-17.31.09:981][  0]LogTargetPlatformManager: Display: Building Assets For Windows
[2019.12.13-17.31.09:989][  0]LogAudioDebug: Display: Lib vorbis DLL was dynamically loaded.
[2019.12.13-17.31.10:033][  0]LogShaderCompilers: Guid format shader working directory is -1 characters bigger than the processId version (E:/studia/programowanie/unrealc++/UnrealC++/section/Intermediate/Shaders/WorkingDirectory/15604/).
[2019.12.13-17.31.10:034][  0]LogShaderCompilers: Cleaned the shader compiler working directory 'C:/Users/Gabriela_J/AppData/Local/Temp/UnrealShaderWorkingDir/A527A4BC41D3D3E9600B1DA657A36D58/'.
[2019.12.13-17.31.10:035][  0]LogXGEController: Cannot use XGE Controller as Incredibuild is not installed on this machine.
[2019.12.13-17.31.10:035][  0]LogShaderCompilers: Cannot use XGE Shader Compiler as Incredibuild is not installed on this machine.
[2019.12.13-17.31.10:035][  0]LogShaderCompilers: Display: Using Local Shader Compiler.
[2019.12.13-17.31.10:541][  0]LogDerivedDataCache: Display: Max Cache Size: 512 MB
[2019.12.13-17.31.10:581][  0]LogDerivedDataCache: Loaded boot cache 0.04s 72MB C:/Users/Gabriela_J/AppData/Local/UnrealEngine/4.22/DerivedDataCache/Boot.ddc.
[2019.12.13-17.31.10:581][  0]LogDerivedDataCache: Display: Loaded Boot cache: C:/Users/Gabriela_J/AppData/Local/UnrealEngine/4.22/DerivedDataCache/Boot.ddc
[2019.12.13-17.31.10:581][  0]LogDerivedDataCache: FDerivedDataBackendGraph:  Pak pak cache file E:/studia/programowanie/unrealc++/UnrealC++/section/DerivedDataCache/DDC.ddp not found, will not use a pak cache.
[2019.12.13-17.31.10:581][  0]LogDerivedDataCache: Unable to find inner node Pak for hierarchical cache Hierarchy.
[2019.12.13-17.31.10:581][  0]LogDerivedDataCache: FDerivedDataBackendGraph:  CompressedPak pak cache file E:/studia/programowanie/unrealc++/UnrealC++/section/DerivedDataCache/Compressed.ddp not found, will not use a pak cache.
[2019.12.13-17.31.10:581][  0]LogDerivedDataCache: Unable to find inner node CompressedPak for hierarchical cache Hierarchy.
[2019.12.13-17.31.10:593][  0]LogDerivedDataCache: Display: Pak cache opened for reading ../../../Engine/DerivedDataCache/Compressed.ddp.
[2019.12.13-17.31.10:596][  0]LogDerivedDataCache: Display: Pak cache opened for reading ../../../Enterprise/DerivedDataCache/Compressed.ddp.
[2019.12.13-17.31.10:608][  0]LogDerivedDataCache: Using Local data cache path C:/Users/Gabriela_J/AppData/Local/UnrealEngine/Common/DerivedDataCache: Writable
[2019.12.13-17.31.10:608][  0]LogDerivedDataCache: Shared data cache path not found in *engine.ini, will not use an Shared cache.
[2019.12.13-17.31.10:608][  0]LogDerivedDataCache: Unable to find inner node Shared for hierarchical cache Hierarchy.
[2019.12.13-17.31.10:631][  0]LogMaterial: Verifying Global Shaders for PCD3D_SM5
[2019.12.13-17.31.10:632][  0]LogSlate: Using FreeType 2.6.0
[2019.12.13-17.31.10:632][  0]LogSlate: SlateFontServices - WITH_FREETYPE: 1, WITH_HARFBUZZ: 1
[2019.12.13-17.31.10:712][  0]LogAssetRegistry: FAssetRegistry took 0.0341 seconds to start up
[2019.12.13-17.31.11:044][  0]LogInit: Selected Device Profile: [Windows]
[2019.12.13-17.31.11:168][  0]LogMeshReduction: Using QuadricMeshReduction for automatic static mesh reduction
[2019.12.13-17.31.11:168][  0]LogMeshReduction: Using SimplygonMeshReduction for automatic skeletal mesh reduction
[2019.12.13-17.31.11:168][  0]LogMeshReduction: Using ProxyLODMeshReduction for automatic mesh merging
[2019.12.13-17.31.11:168][  0]LogMeshReduction: No distributed automatic mesh merging module available
[2019.12.13-17.31.11:168][  0]LogMeshMerging: No distributed automatic mesh merging module available
[2019.12.13-17.31.11:180][  0]LogNetVersion: section 1.0.0, NetCL: 5660361, EngineNetVer: 10, GameNetVer: 0 (Checksum: 762315900)
[2019.12.13-17.31.11:627][  0]LogPackageLocalizationCache: Processed 16 localized package path(s) for 1 prioritized culture(s) in 0.062788 seconds
[2019.12.13-17.31.11:634][  0]LogUObjectArray: 42205 objects as part of root set at end of initial load.
[2019.12.13-17.31.11:634][  0]LogUObjectAllocator: 7325032 out of 0 bytes used by permanent object pool.
[2019.12.13-17.31.11:634][  0]LogUObjectArray: CloseDisregardForGC: 0/0 objects in disregard for GC pool
[2019.12.13-17.31.12:408][  0]LogTcpMessaging: Initializing TcpMessaging bridge
[2019.12.13-17.31.12:421][  0]LogUdpMessaging: Initializing bridge on interface 0.0.0.0:0 to multicast group 230.0.0.1:6666.
[2019.12.13-17.31.12:535][  0]SourceControl: Source control is disabled
[2019.12.13-17.31.12:535][  0]SourceControl: Source control is disabled
[2019.12.13-17.31.12:537][  0]SourceControl: Source control is disabled
[2019.12.13-17.31.12:538][  0]SourceControl: Source control is disabled
[2019.12.13-17.31.12:670][  0]LogAndroidPermission: UAndroidPermissionCallbackProxy::GetInstance
[2019.12.13-17.31.12:768][  0]LogOcInput: OculusInput pre-init called
[2019.12.13-17.31.14:856][  0]LogWindows: Failed to load 'libalias_api.dll' (GetLastError=126)
[2019.12.13-17.31.14:856][  0]LogWindows: File 'libalias_api.dll' does not exist
[2019.12.13-17.31.14:857][  0]LogWindows: Failed to load 'libalias_api.dll' (GetLastError=126)
[2019.12.13-17.31.14:857][  0]LogWindows: File 'libalias_api.dll' does not exist
[2019.12.13-17.31.14:991][  0]LogEngine: Initializing Engine...
[2019.12.13-17.31.14:992][  0]LogHMD: Failed to initialize OpenVR with code 110
[2019.12.13-17.31.14:993][  0]LogStats: UGameplayTagsManager::InitializeManager -  0.000 s
[2019.12.13-17.31.15:189][  0]LogInit: Initializing FReadOnlyCVARCache
[2019.12.13-17.31.15:200][  0]LogAIModule: Creating AISystem for world Untitled
[2019.12.13-17.31.15:261][  0]LogInit: XAudio2 using 'Głośniki (Realtek High Definition Audio)' : 2 channels at 48 kHz using 32 bits per sample (channel mask 0x3)
[2019.12.13-17.31.15:294][  0]LogInit: FAudioDevice initialized.
[2019.12.13-17.31.15:294][  0]LogNetVersion: Set ProjectVersion to 1.0.0.0. Version Checksum will be recalculated on next use.
[2019.12.13-17.31.15:377][  0]LogDerivedDataCache: Saved boot cache 0.08s 72MB C:/Users/Gabriela_J/AppData/Local/UnrealEngine/4.22/DerivedDataCache/Boot.ddc.
[2019.12.13-17.31.15:382][  0]LogInit: Texture streaming: Enabled
[2019.12.13-17.31.15:400][  0]LogEngineSessionManager: EngineSessionManager initialized
[2019.12.13-17.31.15:418][  0]LogInit: Transaction tracking system initialized
[2019.12.13-17.31.15:437][  0]BlueprintLog: New page: Editor Load
[2019.12.13-17.31.15:504][  0]LocalizationService: Localization service is disabled
[2019.12.13-17.31.15:791][  0]LogFileCache: Scanning file cache for directory 'E:/studia/programowanie/unrealc++/UnrealC++/section/Content/' took 0.01s
[2019.12.13-17.31.15:791][  0]LogCook: Display: Max memory allowance for cook 16384mb min free memory 0mb
[2019.12.13-17.31.15:791][  0]LogCook: Display: Mobile HDR setting 1
[2019.12.13-17.31.17:062][  0]SourceControl: Source control is disabled
[2019.12.13-17.31.17:062][  0]Cmd: MAP LOAD FILE="../../../Engine/Content/Maps/Templates/Template_Default.umap" TEMPLATE=1 SHOWPROGRESS=1 FEATURELEVEL=3
[2019.12.13-17.31.17:063][  0]LightingResults: New page: Lighting Build
[2019.12.13-17.31.17:065][  0]MapCheck: New page: Map Check
[2019.12.13-17.31.17:065][  0]LightingResults: New page: Lighting Build
[2019.12.13-17.31.17:097][  0]LogUObjectHash: Compacting FUObjectHashTables data took   1.70ms
[2019.12.13-17.31.17:175][  0]LogAIModule: Creating AISystem for world Untitled_1
[2019.12.13-17.31.17:180][  0]LogEditorServer: Finished looking for orphan Actors (0.000 secs)
[2019.12.13-17.31.17:215][  0]LogUObjectHash: Compacting FUObjectHashTables data took   1.99ms
[2019.12.13-17.31.17:215][  0]Cmd: MAP CHECKDEP NOCLEARLOG
[2019.12.13-17.31.17:215][  0]MapCheck: Map check complete: 0 Error(s), 0 Warning(s), took 0,112ms to complete.
[2019.12.13-17.31.17:215][  0]LogFileHelpers: Loading map 'Template_Default' took 0.152
[2019.12.13-17.31.17:317][  0]LogSlate: Updating window title bar state: overlay mode, drag disabled, window buttons hidden, title bar hidden
[2019.12.13-17.31.17:323][  0]LogSlate: Updating window title bar state: overlay mode, drag disabled, window buttons hidden, title bar hidden
[2019.12.13-17.31.17:330][  0]LogSlate: Updating window title bar state: overlay mode, drag disabled, window buttons hidden, title bar hidden
[2019.12.13-17.31.17:337][  0]LogSlate: Updating window title bar state: overlay mode, drag disabled, window buttons hidden, title bar hidden
[2019.12.13-17.31.17:342][  0]LogCollectionManager: Loaded 0 collections in 0.000930 seconds
[2019.12.13-17.31.17:381][  0]LogFileCache: Scanning file cache for directory 'E:/studia/programowanie/unrealc++/UnrealC++/section/Saved/Collections/' took 0.01s
[2019.12.13-17.31.17:381][  0]LogFileCache: Scanning file cache for directory 'E:/studia/programowanie/unrealc++/UnrealC++/section/Content/Developers/GabrielaJ/Collections/' took 0.01s
[2019.12.13-17.31.17:381][  0]LogFileCache: Scanning file cache for directory 'E:/studia/programowanie/unrealc++/UnrealC++/section/Content/Collections/' took 0.01s
[2019.12.13-17.31.17:381][  0]LogCollectionManager: Rebuilt the GUID cache for 0 collections in 0.000000 seconds
[2019.12.13-17.31.17:391][  0]LogContentBrowser: Native class hierarchy populated in 0.0097 seconds. Added 2865 classes and 728 folders.
[2019.12.13-17.31.17:395][  0]LogContentBrowser: Native class hierarchy updated for 'WidgetCarousel' in 0.0003 seconds. Added 0 classes and 0 folders.
[2019.12.13-17.31.17:397][  0]LogPakFile: Registered encryption key '00000000000000000000000000000000': 0 pak files mounted, 0 remain pending
[2019.12.13-17.31.17:398][  0]LogPakFile: Registered encryption key '00000000000000000000000000000000': 0 pak files mounted, 0 remain pending
[2019.12.13-17.31.17:398][  0]LogPakFile: Registered encryption key '00000000000000000000000000000000': 0 pak files mounted, 0 remain pending
[2019.12.13-17.31.17:398][  0]LogPakFile: Registered encryption key '00000000000000000000000000000000': 0 pak files mounted, 0 remain pending
[2019.12.13-17.31.17:399][  0]LogPakFile: Registered encryption key '00000000000000000000000000000000': 0 pak files mounted, 0 remain pending
[2019.12.13-17.31.17:399][  0]LogPakFile: Registered encryption key '00000000000000000000000000000000': 0 pak files mounted, 0 remain pending
[2019.12.13-17.31.17:400][  0]LogPakFile: Registered encryption key '00000000000000000000000000000000': 0 pak files mounted, 0 remain pending
[2019.12.13-17.31.17:400][  0]LogPakFile: Registered encryption key '00000000000000000000000000000000': 0 pak files mounted, 0 remain pending
[2019.12.13-17.31.17:400][  0]LogPakFile: Registered encryption key '00000000000000000000000000000000': 0 pak files mounted, 0 remain pending
[2019.12.13-17.31.17:401][  0]LogPakFile: Registered encryption key '00000000000000000000000000000000': 0 pak files mounted, 0 remain pending
[2019.12.13-17.31.17:401][  0]LogPakFile: Registered encryption key '00000000000000000000000000000000': 0 pak files mounted, 0 remain pending
[2019.12.13-17.31.17:402][  0]LogPakFile: Registered encryption key '00000000000000000000000000000000': 0 pak files mounted, 0 remain pending
[2019.12.13-17.31.17:402][  0]LogPakFile: Registered encryption key '00000000000000000000000000000000': 0 pak files mounted, 0 remain pending
[2019.12.13-17.31.17:403][  0]LogPakFile: Registered encryption key '00000000000000000000000000000000': 0 pak files mounted, 0 remain pending
[2019.12.13-17.31.17:403][  0]LogPakFile: Registered encryption key '00000000000000000000000000000000': 0 pak files mounted, 0 remain pending
[2019.12.13-17.31.17:403][  0]LogPakFile: Registered encryption key '00000000000000000000000000000000': 0 pak files mounted, 0 remain pending
[2019.12.13-17.31.17:404][  0]LogPakFile: Registered encryption key '00000000000000000000000000000000': 0 pak files mounted, 0 remain pending
[2019.12.13-17.31.17:404][  0]LogPakFile: Registered encryption key '00000000000000000000000000000000': 0 pak files mounted, 0 remain pending
[2019.12.13-17.31.17:405][  0]LogPakFile: Registered encryption key '00000000000000000000000000000000': 0 pak files mounted, 0 remain pending
[2019.12.13-17.31.17:405][  0]LogPakFile: Registered encryption key '00000000000000000000000000000000': 0 pak files mounted, 0 remain pending
[2019.12.13-17.31.17:405][  0]LogPakFile: Registered encryption key '00000000000000000000000000000000': 0 pak files mounted, 0 remain pending
[2019.12.13-17.31.17:406][  0]LogPakFile: Registered encryption key '00000000000000000000000000000000': 0 pak files mounted, 0 remain pending
[2019.12.13-17.31.17:406][  0]LogPakFile: Registered encryption key '00000000000000000000000000000000': 0 pak files mounted, 0 remain pending
[2019.12.13-17.31.17:407][  0]LogPakFile: Registered encryption key '00000000000000000000000000000000': 0 pak files mounted, 0 remain pending
[2019.12.13-17.31.17:407][  0]LogPakFile: Registered encryption key '00000000000000000000000000000000': 0 pak files mounted, 0 remain pending
[2019.12.13-17.31.17:408][  0]LogPakFile: Registered encryption key '00000000000000000000000000000000': 0 pak files mounted, 0 remain pending
[2019.12.13-17.31.17:408][  0]LogPakFile: Registered encryption key '00000000000000000000000000000000': 0 pak files mounted, 0 remain pending
[2019.12.13-17.31.17:409][  0]LogPakFile: Registered encryption key '00000000000000000000000000000000': 0 pak files mounted, 0 remain pending
[2019.12.13-17.31.17:443][  0]LogContentBrowser: Native class hierarchy updated for 'AddContentDialog' in 0.0003 seconds. Added 0 classes and 0 folders.
[2019.12.13-17.31.17:445][  0]LogContentBrowser: Native class hierarchy updated for 'SceneOutliner' in 0.0002 seconds. Added 1 classes and 0 folders.
[2019.12.13-17.31.17:462][  0]LogSlate: Took 0.000238 seconds to synchronously load lazily loaded font '../../../Engine/Content/Slate/Fonts/Roboto-Regular.ttf' (155K)
[2019.12.13-17.31.17:464][  0]LogSlate: Took 0.000157 seconds to synchronously load lazily loaded font '../../../Engine/Content/Slate/Fonts/Roboto-Bold.ttf' (160K)
[2019.12.13-17.31.17:469][  0]LogSlate: Took 0.000155 seconds to synchronously load lazily loaded font '../../../Engine/Content/Editor/Slate/Fonts/FontAwesome.ttf' (139K)
[2019.12.13-17.31.17:528][  0]LogRenderer: Reallocating scene render targets to support 1208x572 Format 10 NumSamples 1 (Frame:1).
[2019.12.13-17.31.17:694][  0]LogContentBrowser: Native class hierarchy updated for 'HierarchicalLODOutliner' in 0.0003 seconds. Added 0 classes and 0 folders.
[2019.12.13-17.31.17:694][  0]LogLoad: (Engine Initialization) Total time: 10.86 seconds
[2019.12.13-17.31.17:694][  0]LogLoad: (Engine Initialization) Total Blueprint compile time: 0.00 seconds
[2019.12.13-17.31.17:723][  0]LogAssetRegistry: Asset discovery search completed in 7.0336 seconds
[2019.12.13-17.31.17:725][  0]LogCollectionManager: Rebuilt the object cache for 0 collections in 0.000001 seconds (found 0 objects)
[2019.12.13-17.31.17:725][  0]LogCollectionManager: Fixed up redirectors for 0 collections in 0.000034 seconds (updated 0 objects)
[2019.12.13-17.31.17:726][  0]LogContentStreaming: Texture pool size now 1000 MB
[2019.12.13-17.33.28:469][856]LogSlate: FSceneViewport::OnFocusLost() reason 2
[2019.12.13-17.35.02:053][651]LogSlate: Only BGRA pngs, bmps or icos are supported in by External Image Picker
[2019.12.13-17.35.21:539][260]LogSlate: Took 0.000120 seconds to synchronously load lazily loaded font '../../../Engine/Content/Slate/Fonts/Roboto-Light.ttf' (167K)
[2019.12.13-17.35.32:987][185]LogSlate: Window 'Save Asset As' being destroyed
[2019.12.13-17.35.34:522][369]LogSlate: Window 'Project Settings' being destroyed
[2019.12.13-17.35.34:526][369]LogSlate: Window 'Project Settings' being destroyed
[2019.12.13-17.45.57:986][ 51]LogSlate: Window 'Save Level As' being destroyed
[2019.12.13-17.45.58:059][ 51]LogUObjectHash: Compacting FUObjectHashTables data took   2.02ms
[2019.12.13-17.45.58:062][ 51]Cmd: OBJ SAVEPACKAGE PACKAGE="/Game/NewMap" FILE="E:/studia/programowanie/unrealc++/UnrealC++/section/Content/NewMap.umap" SILENT=true AUTOSAVING=false KEEPDIRTY=false
[2019.12.13-17.45.58:095][ 51]LogUObjectHash: Compacting FUObjectHashTables data took   1.39ms
[2019.12.13-17.45.58:219][ 51]LogSavePackage: Moving 'E:/studia/programowanie/unrealc++/UnrealC++/section/Saved/NewMap8EC84D90410B1FFBD1D3FD8DC78826D7.tmp' to 'E:/studia/programowanie/unrealc++/UnrealC++/section/Content/NewMap.umap'
[2019.12.13-17.45.58:231][ 51]Cmd: OBJ SAVEPACKAGE PACKAGE="/Game/NewMap_BuiltData" FILE="E:/studia/programowanie/unrealc++/UnrealC++/section/Content/NewMap_BuiltData.uasset" SILENT=true
[2019.12.13-17.45.58:242][ 51]LogSavePackage: Moving 'E:/studia/programowanie/unrealc++/UnrealC++/section/Saved/NewMap_BuiltData08A0E3544C2016088789DABCA37B9BC6.tmp' to 'E:/studia/programowanie/unrealc++/UnrealC++/section/Content/NewMap_BuiltData.uasset'
[2019.12.13-17.45.58:248][ 51]LogFileHelpers: Saving map 'NewMap' took 0.253
[2019.12.13-17.45.58:287][ 54]LogSlate: Took 0.000161 seconds to synchronously load lazily loaded font '../../../Engine/Content/Slate/Fonts/Roboto-Light.ttf' (167K)
[2019.12.13-17.49.07:970][ 74]LogUObjectHash: Compacting FUObjectHashTables data took   1.50ms
[2019.12.13-17.49.07:996][ 74]LogSlate: Window 'section - Unreal Editor' being destroyed
[2019.12.13-17.49.08:142][ 75]Cmd: QUIT_EDITOR
[2019.12.13-17.49.08:158][ 75]LogWindowsTextInputMethodSystem: Display: IME system now deactivated.
[2019.12.13-17.49.08:167][ 75]LogExit: Preparing to exit.
[2019.12.13-17.49.09:321][ 75]LogExit: Editor shut down
[2019.12.13-17.49.09:321][ 75]LogExit: Transaction tracking system shut down
[2019.12.13-17.49.09:571][ 75]LogExit: Object subsystem successfully closed.
[2019.12.13-17.49.09:592][ 75]LogShaderCompilers: Display: Shaders left to compile 0
[2019.12.13-17.49.09:595][ 75]LogD3D11RHI: Shutdown
[2019.12.13-17.49.09:595][ 75]LogD3D11RHI: CleanupD3DDevice
[2019.12.13-17.49.09:595][ 75]LogRendererCore: FGlobalReadBuffer::ReleaseRHI
[2019.12.13-17.49.09:595][ 75]LogRendererCore: FGlobalDynamicReadBuffer::Cleanup()
[2019.12.13-17.49.09:595][ 75]LogRendererCore: FGlobalReadBuffer::ReleaseRHI
[2019.12.13-17.49.09:595][ 75]LogRendererCore: FGlobalDynamicReadBuffer::Cleanup()
[2019.12.13-17.49.09:595][ 75]LogRendererCore: FGlobalReadBuffer::ReleaseRHI
[2019.12.13-17.49.09:595][ 75]LogRendererCore: FGlobalDynamicReadBuffer::Cleanup()
[2019.12.13-17.49.09:662][ 75]LogD3D11RHI: ~FD3D11DynamicRHI
[2019.12.13-17.49.09:694][ 75]LogModuleManager: Shutting down and abandoning module ExternalImagePicker (690)
[2019.12.13-17.49.09:694][ 75]LogModuleManager: Shutting down and abandoning module HierarchicalLODOutliner (688)
[2019.12.13-17.49.09:694][ 75]LogModuleManager: Shutting down and abandoning module SceneOutliner (686)
[2019.12.13-17.49.09:694][ 75]LogModuleManager: Shutting down and abandoning module AddContentDialog (684)
[2019.12.13-17.49.09:694][ 75]LogModuleManager: Shutting down and abandoning module WidgetCarousel (683)
[2019.12.13-17.49.09:694][ 75]LogModuleManager: Shutting down and abandoning module EditorWidgets (680)
[2019.12.13-17.49.09:694][ 75]LogModuleManager: Shutting down and abandoning module CollectionManager (678)
[2019.12.13-17.49.09:694][ 75]LogModuleManager: Shutting down and abandoning module HierarchicalLODUtilities (676)
[2019.12.13-17.49.09:694][ 75]LogModuleManager: Shutting down and abandoning module StatsViewer (674)
[2019.12.13-17.49.09:694][ 75]LogModuleManager: Shutting down and abandoning module FoliageEdit (672)
[2019.12.13-17.49.09:694][ 75]LogModuleManager: Shutting down and abandoning module LandscapeEditor (670)
[2019.12.13-17.49.09:694][ 75]LogModuleManager: Shutting down and abandoning module MeshPaintMode (668)
[2019.12.13-17.49.09:694][ 75]LogModuleManager: Shutting down and abandoning module SceneDepthPickerMode (666)
[2019.12.13-17.49.09:695][ 75]LogModuleManager: Shutting down and abandoning module ActorPickerMode (664)
[2019.12.13-17.49.09:695][ 75]LogModuleManager: Shutting down and abandoning module GeometryMode (662)
[2019.12.13-17.49.09:695][ 75]LogModuleManager: Shutting down and abandoning module TextureAlignMode (660)
[2019.12.13-17.49.09:695][ 75]LogModuleManager: Shutting down and abandoning module BspMode (658)
[2019.12.13-17.49.09:695][ 75]LogModuleManager: Shutting down and abandoning module PIEPreviewDeviceProfileSelector (656)
[2019.12.13-17.49.09:695][ 75]LogModuleManager: Shutting down and abandoning module SequenceRecorderSections (654)
[2019.12.13-17.49.09:695][ 75]LogModuleManager: Shutting down and abandoning module AutomationWorker (652)
[2019.12.13-17.49.09:695][ 75]LogModuleManager: Shutting down and abandoning module DatasmithFBXImporter (650)
[2019.12.13-17.49.09:695][ 75]LogModuleManager: Shutting down and abandoning module DatasmithDeltaGenImporter (648)
[2019.12.13-17.49.09:695][ 75]LogModuleManager: Shutting down and abandoning module DatasmithVREDImporter (646)
[2019.12.13-17.49.09:695][ 75]LogModuleManager: Shutting down and abandoning module OculusMR (644)
[2019.12.13-17.49.09:695][ 75]LogModuleManager: Shutting down and abandoning module AudioCaptureEditor (642)
[2019.12.13-17.49.09:695][ 75]LogModuleManager: Shutting down and abandoning module MatineeToLevelSequence (640)
[2019.12.13-17.49.09:695][ 75]LogModuleManager: Shutting down and abandoning module LevelSequenceEditor (638)
[2019.12.13-17.49.09:695][ 75]LogModuleManager: Shutting down and abandoning module PlacementMode (637)
[2019.12.13-17.49.09:695][ 75]LogModuleManager: Shutting down and abandoning module MaterialEditor (636)
[2019.12.13-17.49.09:695][ 75]LogModuleManager: Shutting down and abandoning module ActorSequenceEditor (632)
[2019.12.13-17.49.09:695][ 75]LogModuleManager: Shutting down and abandoning module WmfMediaFactory (630)
[2019.12.13-17.49.09:695][ 75]LogModuleManager: Shutting down and abandoning module WmfMediaEditor (628)
[2019.12.13-17.49.09:695][ 75]LogModuleManager: Shutting down and abandoning module WebMMediaFactory (626)
[2019.12.13-17.49.09:695][ 75]LogModuleManager: Shutting down and abandoning module WebMMediaEditor (624)
[2019.12.13-17.49.09:695][ 75]LogModuleManager: Shutting down and abandoning module WebMMedia (622)
[2019.12.13-17.49.09:695][ 75]LogModuleManager: Shutting down and abandoning module MediaPlayerEditor (620)
[2019.12.13-17.49.09:695][ 75]LogModuleManager: Shutting down and abandoning module MediaCompositingEditor (618)
[2019.12.13-17.49.09:695][ 75]LogModuleManager: Shutting down and abandoning module SequenceRecorder (617)
[2019.12.13-17.49.09:695][ 75]LogModuleManager: Shutting down and abandoning module OpenExrWrapper (614)
[2019.12.13-17.49.09:695][ 75]LogModuleManager: Shutting down and abandoning module ImgMediaFactory (612)
[2019.12.13-17.49.09:695][ 75]LogModuleManager: Shutting down and abandoning module ImgMediaEditor (610)
[2019.12.13-17.49.09:695][ 75]LogModuleManager: Shutting down and abandoning module AvfMediaFactory (608)
[2019.12.13-17.49.09:695][ 75]LogModuleManager: Shutting down and abandoning module AvfMediaEditor (606)
[2019.12.13-17.49.09:695][ 75]LogModuleManager: Shutting down and abandoning module AndroidMediaFactory (604)
[2019.12.13-17.49.09:695][ 75]LogModuleManager: Shutting down and abandoning module AndroidMediaEditor (602)
[2019.12.13-17.49.09:695][ 75]LogModuleManager: Shutting down and abandoning module MagicLeapCameraPreviewFactory (600)
[2019.12.13-17.49.09:695][ 75]LogModuleManager: Shutting down and abandoning module MagicLeapMediaCodecFactory (598)
[2019.12.13-17.49.09:695][ 75]LogModuleManager: Shutting down and abandoning module MagicLeapMediaFactory (596)
[2019.12.13-17.49.09:695][ 75]LogModuleManager: Shutting down and abandoning module MagicLeapMediaEditor (594)
[2019.12.13-17.49.09:695][ 75]LogModuleManager: Shutting down and abandoning module CharacterAI (592)
[2019.12.13-17.49.09:695][ 75]LogModuleManager: Shutting down and abandoning module SmartSnapping (590)
[2019.12.13-17.49.09:695][ 75]LogModuleManager: Shutting down and abandoning module SessionServices (588)
[2019.12.13-17.49.09:695][ 75]LogModuleManager: Shutting down and abandoning module MeshPaint (586)
[2019.12.13-17.49.09:695][ 75]LogModuleManager: Shutting down and abandoning module ViewportSnapping (584)
[2019.12.13-17.49.09:695][ 75]LogModuleManager: Shutting down and abandoning module ViewportInteraction (582)
[2019.12.13-17.49.09:695][ 75]LogModuleManager: Shutting down and abandoning module ClothPainter (580)
[2019.12.13-17.49.09:695][ 75]LogModuleManager: Shutting down and abandoning module SkeletalMeshEditor (579)
[2019.12.13-17.49.09:695][ 75]LogModuleManager: Shutting down and abandoning module LogVisualizer (576)
[2019.12.13-17.49.09:695][ 75]LogModuleManager: Shutting down and abandoning module IntroTutorials (574)
[2019.12.13-17.49.09:695][ 75]LogModuleManager: Shutting down and abandoning module GameProjectGeneration (573)
[2019.12.13-17.49.09:695][ 75]LogModuleManager: Shutting down and abandoning module LuminPlatformEditor (570)
[2019.12.13-17.49.09:695][ 75]LogModuleManager: Shutting down and abandoning module IOSPlatformEditor (568)
[2019.12.13-17.49.09:696][ 75]LogModuleManager: Shutting down and abandoning module HTML5PlatformEditor (566)
[2019.12.13-17.49.09:696][ 75]LogModuleManager: Shutting down and abandoning module AndroidPlatformEditor (564)
[2019.12.13-17.49.09:696][ 75]LogModuleManager: Shutting down and abandoning module AndroidDeviceDetection (563)
[2019.12.13-17.49.10:445][ 75]LogModuleManager: Shutting down and abandoning module WindowsPlatformEditor (560)
[2019.12.13-17.49.10:445][ 75]LogModuleManager: Shutting down and abandoning module LuminRuntimeSettings (558)
[2019.12.13-17.49.10:445][ 75]LogModuleManager: Shutting down and abandoning module IOSRuntimeSettings (556)
[2019.12.13-17.49.10:445][ 75]LogModuleManager: Shutting down and abandoning module AndroidRuntimeSettings (554)
[2019.12.13-17.49.10:445][ 75]LogModuleManager: Shutting down and abandoning module TimeManagementEditor (552)
[2019.12.13-17.49.10:445][ 75]LogModuleManager: Shutting down and abandoning module InputBindingEditor (550)
[2019.12.13-17.49.10:445][ 75]LogModuleManager: Shutting down and abandoning module MergeActors (548)
[2019.12.13-17.49.10:445][ 75]LogModuleManager: Shutting down and abandoning module LocalizationDashboard (546)
[2019.12.13-17.49.10:445][ 75]LogModuleManager: Shutting down and abandoning module LocalizationService (545)
[2019.12.13-17.49.10:445][ 75]LogModuleManager: Shutting down and abandoning module HardwareTargeting (542)
[2019.12.13-17.49.10:445][ 75]LogModuleManager: Shutting down and abandoning module DeviceProfileEditor (540)
[2019.12.13-17.49.10:445][ 75]LogModuleManager: Shutting down and abandoning module UndoHistory (538)
[2019.12.13-17.49.10:445][ 75]LogModuleManager: Shutting down and abandoning module XmlParser (536)
[2019.12.13-17.49.10:445][ 75]LogModuleManager: Shutting down and abandoning module Blutility (534)
[2019.12.13-17.49.10:445][ 75]LogModuleManager: Shutting down and abandoning module ProjectSettingsViewer (532)
[2019.12.13-17.49.10:445][ 75]LogModuleManager: Shutting down and abandoning module ProjectTargetPlatformEditor (531)
[2019.12.13-17.49.10:445][ 75]LogModuleManager: Shutting down and abandoning module EditorSettingsViewer (528)
[2019.12.13-17.49.10:445][ 75]LogModuleManager: Shutting down and abandoning module SettingsEditor (526)
[2019.12.13-17.49.10:445][ 75]LogModuleManager: Shutting down and abandoning module ProjectLauncher (524)
[2019.12.13-17.49.10:445][ 75]LogModuleManager: Shutting down and abandoning module SessionFrontend (522)
[2019.12.13-17.49.10:446][ 75]LogModuleManager: Shutting down and abandoning module ProfilerClient (520)
[2019.12.13-17.49.10:446][ 75]LogModuleManager: Shutting down and abandoning module DeviceManager (518)
[2019.12.13-17.49.10:446][ 75]LogModuleManager: Shutting down and abandoning module TargetDeviceServices (517)
[2019.12.13-17.49.10:490][ 75]LogModuleManager: Shutting down and abandoning module AutomationController (514)
[2019.12.13-17.49.10:490][ 75]LogModuleManager: Shutting down and abandoning module AutomationWindow (512)
[2019.12.13-17.49.10:490][ 75]LogModuleManager: Shutting down and abandoning module Layers (510)
[2019.12.13-17.49.10:490][ 75]LogModuleManager: Shutting down and abandoning module ComponentVisualizers (508)
[2019.12.13-17.49.10:490][ 75]LogModuleManager: Shutting down and abandoning module DetailCustomizations (506)
[2019.12.13-17.49.10:490][ 75]LogModuleManager: Shutting down and abandoning module PackagesDialog (504)
[2019.12.13-17.49.10:490][ 75]LogModuleManager: Shutting down and abandoning module AnimationBlueprintEditor (502)
[2019.12.13-17.49.10:490][ 75]LogModuleManager: Shutting down and abandoning module Persona (500)
[2019.12.13-17.49.10:490][ 75]LogModuleManager: Shutting down and abandoning module AnimGraph (499)
[2019.12.13-17.49.10:490][ 75]LogModuleManager: Shutting down and abandoning module Kismet (496)
[2019.12.13-17.49.10:490][ 75]LogModuleManager: Shutting down and abandoning module GraphEditor (494)
[2019.12.13-17.49.10:490][ 75]LogModuleManager: Shutting down and abandoning module ClassViewer (492)
[2019.12.13-17.49.10:490][ 75]LogModuleManager: Shutting down and abandoning module Toolbox (490)
[2019.12.13-17.49.10:490][ 75]LogModuleManager: Shutting down and abandoning module DesktopPlatform (489)
[2019.12.13-17.49.10:490][ 75]LogModuleManager: Shutting down and abandoning module ModuleUI (486)
[2019.12.13-17.49.10:490][ 75]LogModuleManager: Shutting down and abandoning module MovieSceneTools (484)
[2019.12.13-17.49.10:490][ 75]LogModuleManager: Shutting down and abandoning module OutputLog (482)
[2019.12.13-17.49.10:490][ 75]LogModuleManager: Shutting down and abandoning module GammaUI (480)
[2019.12.13-17.49.10:490][ 75]LogModuleManager: Shutting down and abandoning module Documentation (478)
[2019.12.13-17.49.10:490][ 75]LogModuleManager: Shutting down and abandoning module LiveCoding (476)
[2019.12.13-17.49.10:490][ 75]LogModuleManager: Shutting down and abandoning module LevelSequence (474)
[2019.12.13-17.49.10:490][ 75]LogModuleManager: Shutting down and abandoning module MovieSceneTracks (472)
[2019.12.13-17.49.10:490][ 75]LogModuleManager: Shutting down and abandoning module MovieScene (470)
[2019.12.13-17.49.10:490][ 75]LogModuleManager: Shutting down and abandoning module StreamingPauseRendering (468)
[2019.12.13-17.49.10:491][ 75]LogModuleManager: Shutting down and abandoning module LauncherPlatform (466)
[2019.12.13-17.49.10:491][ 75]LogModuleManager: Shutting down and abandoning module AnalyticsET (464)
[2019.12.13-17.49.10:491][ 75]LogModuleManager: Shutting down and abandoning module PortalServices (462)
[2019.12.13-17.49.10:491][ 75]LogModuleManager: Shutting down and abandoning module PortalRpc (460)
[2019.12.13-17.49.10:491][ 75]LogModuleManager: Shutting down and abandoning module MessagingRpc (458)
[2019.12.13-17.49.10:491][ 75]LogModuleManager: Shutting down and abandoning module AIModule (456)
[2019.12.13-17.49.10:491][ 75]LogModuleManager: Shutting down and abandoning module GameplayDebugger (455)
[2019.12.13-17.49.10:491][ 75]LogModuleManager: Shutting down and abandoning module AITestSuite (453)
[2019.12.13-17.49.10:491][ 75]LogModuleManager: Shutting down and abandoning module NavigationSystem (451)
[2019.12.13-17.49.10:491][ 75]LogModuleManager: Shutting down and abandoning module ImageWriteQueue (448)
[2019.12.13-17.49.10:494][ 75]LogModuleManager: Shutting down and abandoning module ProfilerService (446)
[2019.12.13-17.49.10:541][ 75]LogModuleManager: Shutting down and abandoning module TaskGraph (444)
[2019.12.13-17.49.10:541][ 75]LogModuleManager: Shutting down and abandoning module DatasmithCADImporter (442)
[2019.12.13-17.49.10:542][ 75]LogModuleManager: Shutting down and abandoning module VariantManager (440)
[2019.12.13-17.49.10:542][ 75]LogModuleManager: Shutting down and abandoning module StaticMeshEditorExtension (438)
[2019.12.13-17.49.10:542][ 75]LogModuleManager: Shutting down and abandoning module StaticMeshEditor (437)
[2019.12.13-17.49.10:542][ 75]LogModuleManager: Shutting down and abandoning module AdvancedPreviewScene (436)
[2019.12.13-17.49.10:542][ 75]LogModuleManager: Shutting down and abandoning module MeshProcessingLibrary (433)
[2019.12.13-17.49.10:542][ 75]LogModuleManager: Shutting down and abandoning module MDLImporter (430)
[2019.12.13-17.49.10:542][ 75]LogModuleManager: Shutting down and abandoning module DatasmithGLTFImporter (428)
[2019.12.13-17.49.10:542][ 75]LogModuleManager: Shutting down and abandoning module DatasmithImporter (427)
[2019.12.13-17.49.10:542][ 75]LogModuleManager: Shutting down and abandoning module DatasmithDataPrepLibraries (424)
[2019.12.13-17.49.10:542][ 75]LogModuleManager: Shutting down and abandoning module DatasmithDataPrepEditor (422)
[2019.12.13-17.49.10:543][ 75]LogModuleManager: Shutting down and abandoning module SteamVRController (420)
[2019.12.13-17.49.10:543][ 75]LogModuleManager: Shutting down and abandoning module ProceduralMeshComponentEditor (418)
[2019.12.13-17.49.10:543][ 75]LogModuleManager: Shutting down and abandoning module ProceduralMeshComponent (416)
[2019.12.13-17.49.10:543][ 75]LogModuleManager: Shutting down and abandoning module OculusEditor (414)
[2019.12.13-17.49.10:543][ 75]LogModuleManager: Shutting down and abandoning module OculusInput (412)
[2019.12.13-17.49.10:543][ 75]LogModuleManager: Shutting down and abandoning module MobilePatchingUtils (410)
[2019.12.13-17.49.10:543][ 75]LogModuleManager: Shutting down and abandoning module EditableMesh (408)
[2019.12.13-17.49.10:543][ 75]LogModuleManager: Shutting down and abandoning module CustomMeshComponent (406)
[2019.12.13-17.49.10:543][ 75]LogModuleManager: Shutting down and abandoning module CableComponent (404)
[2019.12.13-17.49.10:543][ 75]LogModuleManager: Shutting down and abandoning module AudioCapture (402)
[2019.12.13-17.49.10:543][ 75]LogModuleManager: Shutting down and abandoning module ArchVisCharacter (400)
[2019.12.13-17.49.10:543][ 75]LogModuleManager: Shutting down and abandoning module AndroidPermission (398)
[2019.12.13-17.49.10:543][ 75]LogModuleManager: Shutting down and abandoning module NUTUnrealEngine4 (396)
[2019.12.13-17.49.10:543][ 75]LogModuleManager: Shutting down and abandoning module NetcodeUnitTest (394)
[2019.12.13-17.49.10:543][ 75]LogModuleManager: Shutting down and abandoning module MediaCompositing (392)
[2019.12.13-17.49.10:543][ 75]LogModuleManager: Shutting down and abandoning module LinearTimecode (390)
[2019.12.13-17.49.10:543][ 75]LogModuleManager: Shutting down and abandoning module ImgMedia (388)
[2019.12.13-17.49.10:543][ 75]LogModuleManager: Shutting down and abandoning module MagicLeapHelperVulkan (386)
[2019.12.13-17.49.10:543][ 75]LogModuleManager: Shutting down and abandoning module MagicLeapHelperOpenGL (384)
[2019.12.13-17.49.10:543][ 75]LogModuleManager: Shutting down and abandoning module MagicLeapAudio (382)
[2019.12.13-17.49.10:543][ 75]LogModuleManager: Shutting down and abandoning module HTML5Networking (380)
[2019.12.13-17.49.10:543][ 75]LogModuleManager: Shutting down and abandoning module GeometryCollectionEditor (378)
[2019.12.13-17.49.10:543][ 75]LogModuleManager: Shutting down and abandoning module GeometryCollectionExampleCore (376)
[2019.12.13-17.49.10:543][ 75]LogModuleManager: Shutting down and abandoning module GeometryCacheTracks (374)
[2019.12.13-17.49.10:543][ 75]LogModuleManager: Shutting down and abandoning module GeometryCacheSequencer (372)
[2019.12.13-17.49.10:543][ 75]LogModuleManager: Shutting down and abandoning module ChaosSolverEditor (370)
[2019.12.13-17.49.10:543][ 75]LogModuleManager: Shutting down and abandoning module BlastAuthoring (368)
[2019.12.13-17.49.10:543][ 75]LogModuleManager: Shutting down and abandoning module BackChannel (366)
[2019.12.13-17.49.10:543][ 75]LogModuleManager: Shutting down and abandoning module AppleVision (364)
[2019.12.13-17.49.10:543][ 75]LogModuleManager: Shutting down and abandoning module AppleImageUtilsBlueprintSupport (362)
[2019.12.13-17.49.10:543][ 75]LogModuleManager: Shutting down and abandoning module AppleImageUtils (360)
[2019.12.13-17.49.10:543][ 75]LogModuleManager: Shutting down and abandoning module AlembicImporter (358)
[2019.12.13-17.49.10:543][ 75]LogModuleManager: Shutting down and abandoning module AlembicLibrary (357)
[2019.12.13-17.49.10:543][ 75]LogModuleManager: Shutting down and abandoning module GeometryCache (356)
[2019.12.13-17.49.10:543][ 75]LogModuleManager: Shutting down and abandoning module GeometryCacheEd (355)
[2019.12.13-17.49.10:543][ 75]LogModuleManager: Shutting down and abandoning module VariantManagerContent (350)
[2019.12.13-17.49.10:543][ 75]LogModuleManager: Shutting down and abandoning module DatasmithContentEditor (348)
[2019.12.13-17.49.10:543][ 75]LogModuleManager: Shutting down and abandoning module SpeedTreeImporter (346)
[2019.12.13-17.49.10:543][ 75]LogModuleManager: Shutting down and abandoning module PluginBrowser (344)
[2019.12.13-17.49.10:543][ 75]LogModuleManager: Shutting down and abandoning module MobileLauncherProfileWizard (342)
[2019.12.13-17.49.10:543][ 75]LogModuleManager: Shutting down and abandoning module PolygonModeling (340)
[2019.12.13-17.49.10:543][ 75]LogModuleManager: Shutting down and abandoning module MeshEditor (338)
[2019.12.13-17.49.10:543][ 75]LogModuleManager: Shutting down and abandoning module MaterialAnalyzer (336)
[2019.12.13-17.49.10:543][ 75]LogModuleManager: Shutting down and abandoning module GLTFImporter (334)
[2019.12.13-17.49.10:543][ 75]LogModuleManager: Shutting down and abandoning module EditorScriptingUtilities (332)
[2019.12.13-17.49.10:543][ 75]LogModuleManager: Shutting down and abandoning module CryptoKeysOpenSSL (330)
[2019.12.13-17.49.10:543][ 75]LogModuleManager: Shutting down and abandoning module CryptoKeys (328)
[2019.12.13-17.49.10:543][ 75]LogModuleManager: Shutting down and abandoning module VisualStudioSourceCodeAccess (326)
[2019.12.13-17.49.10:543][ 75]LogModuleManager: Shutting down and abandoning module VisualStudioCodeSourceCodeAccess (324)
[2019.12.13-17.49.10:543][ 75]LogModuleManager: Shutting down and abandoning module UObjectPlugin (322)
[2019.12.13-17.49.10:543][ 75]LogModuleManager: Shutting down and abandoning module SubversionSourceControl (320)
[2019.12.13-17.49.10:543][ 75]LogModuleManager: Shutting down and abandoning module PerforceSourceControl (318)
[2019.12.13-17.49.10:543][ 75]LogModuleManager: Shutting down and abandoning module GitSourceControl (316)
[2019.12.13-17.49.10:543][ 75]LogModuleManager: Shutting down and abandoning module SourceControl (315)
[2019.12.13-17.49.10:544][ 75]LogModuleManager: Shutting down and abandoning module CLionSourceCodeAccess (312)
[2019.12.13-17.49.10:544][ 75]LogModuleManager: Shutting down and abandoning module AnimationSharingEd (310)
[2019.12.13-17.49.10:544][ 75]LogModuleManager: Shutting down and abandoning module ActorLayerUtilitiesEditor (308)
[2019.12.13-17.49.10:544][ 75]LogModuleManager: Shutting down and abandoning module ActorLayerUtilities (306)
[2019.12.13-17.49.10:544][ 75]LogModuleManager: Shutting down and abandoning module LightPropagationVolumeEditor (304)
[2019.12.13-17.49.10:544][ 75]LogModuleManager: Shutting down and abandoning module PaperTiledImporter (302)
[2019.12.13-17.49.10:544][ 75]LogModuleManager: Shutting down and abandoning module PaperSpriteSheetImporter (300)
[2019.12.13-17.49.10:544][ 75]LogModuleManager: Shutting down and abandoning module Paper2DEditor (298)
[2019.12.13-17.49.10:544][ 75]LogModuleManager: Shutting down and abandoning module section (296)
[2019.12.13-17.49.10:544][ 75]LogModuleManager: Shutting down and abandoning module SignificanceManager (294)
[2019.12.13-17.49.10:544][ 75]LogModuleManager: Shutting down and abandoning module RuntimePhysXCooking (292)
[2019.12.13-17.49.10:544][ 75]LogModuleManager: Shutting down and abandoning module PhysXVehiclesEditor (290)
[2019.12.13-17.49.10:544][ 75]LogModuleManager: Shutting down and abandoning module PhysXVehicles (288)
[2019.12.13-17.49.10:544][ 75]LogModuleManager: Shutting down and abandoning module LocationServicesBPLibrary (286)
[2019.12.13-17.49.10:544][ 75]LogModuleManager: Shutting down and abandoning module ActorSequence (284)
[2019.12.13-17.49.10:544][ 75]LogModuleManager: Shutting down and abandoning module UdpMessaging (282)
[2019.12.13-17.49.10:645][ 75]LogModuleManager: Shutting down and abandoning module TcpMessaging (280)
[2019.12.13-17.49.10:746][ 75]LogModuleManager: Shutting down and abandoning module MagicLeapIdentity (278)
[2019.12.13-17.49.10:746][ 75]LogModuleManager: Shutting down and abandoning module MagicLeapSecureStorage (276)
[2019.12.13-17.49.10:746][ 75]LogModuleManager: Shutting down and abandoning module MagicLeapHandTracking (274)
[2019.12.13-17.49.10:746][ 75]LogModuleManager: Shutting down and abandoning module MagicLeapEyeTracker (272)
[2019.12.13-17.49.10:746][ 75]LogModuleManager: Shutting down and abandoning module MagicLeapController (270)
[2019.12.13-17.49.10:746][ 75]LogSlate: Slate User Destroyed.  User Index 0, Is Virtual User: 0
[2019.12.13-17.49.10:746][ 75]LogModuleManager: Shutting down and abandoning module MagicLeapAR (268)
[2019.12.13-17.49.10:746][ 75]LogModuleManager: Shutting down and abandoning module AugmentedReality (267)
[2019.12.13-17.49.10:746][ 75]LogModuleManager: Shutting down and abandoning module GameplayTagsEditor (264)
[2019.12.13-17.49.10:746][ 75]LogModuleManager: Shutting down and abandoning module FacialAnimationEditor (262)
[2019.12.13-17.49.10:746][ 75]LogModuleManager: Shutting down and abandoning module FacialAnimation (260)
[2019.12.13-17.49.10:746][ 75]LogModuleManager: Shutting down and abandoning module DataValidation (258)
[2019.12.13-17.49.10:746][ 75]LogModuleManager: Shutting down and abandoning module AssetManagerEditor (256)
[2019.12.13-17.49.10:746][ 75]LogModuleManager: Shutting down and abandoning module LevelEditor (255)
[2019.12.13-17.49.10:746][ 75]LogModuleManager: Shutting down and abandoning module PixelInspectorModule (254)
[2019.12.13-17.49.10:747][ 75]LogModuleManager: Shutting down and abandoning module CommonMenuExtensions (252)
[2019.12.13-17.49.10:747][ 75]LogModuleManager: Shutting down and abandoning module MainFrame (250)
[2019.12.13-17.49.10:747][ 75]LogModuleManager: Shutting down and abandoning module HotReload (249)
[2019.12.13-17.49.10:747][ 75]LogModuleManager: Shutting down and abandoning module ContentBrowser (245)
[2019.12.13-17.49.10:748][ 75]LogModuleManager: Shutting down and abandoning module TreeMap (243)
[2019.12.13-17.49.10:748][ 75]LogModuleManager: Shutting down and abandoning module AnimationSharing (240)
[2019.12.13-17.49.10:748][ 75]LogModuleManager: Shutting down and abandoning module LightPropagationVolumeRuntime (238)
[2019.12.13-17.49.10:748][ 75]LogModuleManager: Shutting down and abandoning module AISupportModule (236)
[2019.12.13-17.49.10:748][ 75]LogModuleManager: Shutting down and abandoning module Paper2D (234)
[2019.12.13-17.49.10:748][ 75]LogModuleManager: Shutting down and abandoning module WindowsMoviePlayer (232)
[2019.12.13-17.49.10:748][ 75]LogModuleManager: Shutting down and abandoning module WebMMoviePlayer (230)
[2019.12.13-17.49.10:748][ 75]LogModuleManager: Shutting down and abandoning module PacketHandler (228)
[2019.12.13-17.49.10:748][ 75]LogModuleManager: Shutting down and abandoning module ClothingSystemEditor (226)
[2019.12.13-17.49.10:748][ 75]LogModuleManager: Shutting down and abandoning module ClothingSystemRuntime (224)
[2019.12.13-17.49.10:748][ 75]LogModuleManager: Shutting down and abandoning module MediaAssets (222)
[2019.12.13-17.49.10:748][ 75]LogModuleManager: Shutting down and abandoning module Overlay (220)
[2019.12.13-17.49.10:748][ 75]LogModuleManager: Shutting down and abandoning module OverlayEditor (219)
[2019.12.13-17.49.10:748][ 75]LogModuleManager: Shutting down and abandoning module VREditor (216)
[2019.12.13-17.49.10:748][ 75]LogModuleManager: Shutting down and abandoning module StringTableEditor (214)
[2019.12.13-17.49.10:748][ 75]LogModuleManager: Shutting down and abandoning module GameplayTasksEditor (212)
[2019.12.13-17.49.10:748][ 75]LogModuleManager: Shutting down and abandoning module BehaviorTreeEditor (210)
[2019.12.13-17.49.10:748][ 75]LogModuleManager: Shutting down and abandoning module FunctionalTesting (208)
[2019.12.13-17.49.10:748][ 75]LogModuleManager: Shutting down and abandoning module CollisionAnalyzer (206)
[2019.12.13-17.49.10:748][ 75]LogModuleManager: Shutting down and abandoning module WorkspaceMenuStructure (205)
[2019.12.13-17.49.10:748][ 75]LogModuleManager: Shutting down and abandoning module UMG (202)
[2019.12.13-17.49.10:748][ 75]LogModuleManager: Shutting down and abandoning module UMGEditor (201)
[2019.12.13-17.49.10:748][ 75]LogModuleManager: Shutting down and abandoning module Sequencer (200)
[2019.12.13-17.49.10:748][ 75]LogModuleManager: Shutting down and abandoning module MessageLog (197)
[2019.12.13-17.49.10:748][ 75]LogModuleManager: Shutting down and abandoning module SlateReflector (192)
[2019.12.13-17.49.10:748][ 75]LogModuleManager: Shutting down and abandoning module Slate (190)
[2019.12.13-17.49.10:748][ 75]LogModuleManager: Shutting down and abandoning module EditorStyle (188)
[2019.12.13-17.49.10:750][ 75]LogModuleManager: Shutting down and abandoning module UnrealEd (186)
[2019.12.13-17.49.10:750][ 75]LogModuleManager: Shutting down and abandoning module MRMesh (184)
[2019.12.13-17.49.10:750][ 75]LogModuleManager: Shutting down and abandoning module SourceCodeAccess (182)
[2019.12.13-17.49.10:750][ 75]LogModuleManager: Shutting down and abandoning module HeadMountedDisplay (180)
[2019.12.13-17.49.10:750][ 75]LogModuleManager: Shutting down and abandoning module XAudio2 (178)
[2019.12.13-17.49.10:750][ 75]LogModuleManager: Shutting down and abandoning module Networking (176)
[2019.12.13-17.49.10:750][ 75]LogModuleManager: Shutting down and abandoning module Core (174)
[2019.12.13-17.49.10:750][ 75]LogModuleManager: Shutting down and abandoning module KismetCompiler (172)
[2019.12.13-17.49.10:750][ 75]LogModuleManager: Shutting down and abandoning module MeshUtilities (170)
[2019.12.13-17.49.10:750][ 75]LogModuleManager: Shutting down and abandoning module MeshMergeUtilities (169)
[2019.12.13-17.49.10:750][ 75]LogModuleManager: Shutting down and abandoning module MeshReductionInterface (168)
[2019.12.13-17.49.10:750][ 75]LogModuleManager: Shutting down and abandoning module SkeletalMeshReduction (167)
[2019.12.13-17.49.10:750][ 75]LogModuleManager: Shutting down and abandoning module ProxyLODMeshReduction (165)
[2019.12.13-17.49.10:750][ 75]LogModuleManager: Shutting down and abandoning module QuadricMeshReduction (163)
[2019.12.13-17.49.10:750][ 75]LogModuleManager: Shutting down and abandoning module MaterialBaking (159)
[2019.12.13-17.49.10:750][ 75]LogModuleManager: Shutting down and abandoning module DerivedDataCache (154)
[2019.12.13-17.49.10:836][ 75]LogDerivedDataCache: Shutdown
[2019.12.13-17.49.10:836][ 75]LogModuleManager: Shutting down and abandoning module XGEController (152)
[2019.12.13-17.49.10:836][ 75]LogModuleManager: Shutting down and abandoning module TargetPlatform (150)
[2019.12.13-17.49.10:836][ 75]LogModuleManager: Shutting down and abandoning module VulkanShaderFormat (149)
[2019.12.13-17.49.10:836][ 75]LogModuleManager: Shutting down and abandoning module ShaderFormatVectorVM (147)
[2019.12.13-17.49.10:836][ 75]LogModuleManager: Shutting down and abandoning module ShaderFormatOpenGL (145)
[2019.12.13-17.49.10:836][ 75]LogModuleManager: Shutting down and abandoning module ShaderFormatD3D (143)
[2019.12.13-17.49.10:836][ 75]LogModuleManager: Shutting down and abandoning module MetalShaderFormat (141)
[2019.12.13-17.49.10:836][ 75]LogModuleManager: Shutting down and abandoning module TextureFormatUncompressed (139)
[2019.12.13-17.49.10:836][ 75]LogModuleManager: Shutting down and abandoning module TextureFormatPVR (137)
[2019.12.13-17.49.10:837][ 75]LogModuleManager: Shutting down and abandoning module TextureFormatDXT (135)
[2019.12.13-17.49.10:837][ 75]LogModuleManager: Shutting down and abandoning module TextureFormatIntelISPCTexComp (133)
[2019.12.13-17.49.10:837][ 75]LogModuleManager: Shutting down and abandoning module TextureFormatASTC (131)
[2019.12.13-17.49.10:837][ 75]LogModuleManager: Shutting down and abandoning module ImageWrapper (130)
[2019.12.13-17.49.10:837][ 75]LogModuleManager: Shutting down and abandoning module TextureFormatAndroid (127)
[2019.12.13-17.49.10:837][ 75]LogModuleManager: Shutting down and abandoning module AudioFormatOpus (125)
[2019.12.13-17.49.10:837][ 75]LogModuleManager: Shutting down and abandoning module AudioFormatOgg (123)
[2019.12.13-17.49.10:837][ 75]LogModuleManager: Shutting down and abandoning module AudioFormatADPCM (121)
[2019.12.13-17.49.10:837][ 75]LogModuleManager: Shutting down and abandoning module LuminTargetPlatform (119)
[2019.12.13-17.49.10:837][ 75]LogModuleManager: Shutting down and abandoning module LinuxTargetPlatform (117)
[2019.12.13-17.49.10:837][ 75]LogModuleManager: Shutting down and abandoning module LinuxServerTargetPlatform (115)
[2019.12.13-17.49.10:837][ 75]LogModuleManager: Shutting down and abandoning module LinuxNoEditorTargetPlatform (113)
[2019.12.13-17.49.10:837][ 75]LogModuleManager: Shutting down and abandoning module LinuxClientTargetPlatform (111)
[2019.12.13-17.49.10:837][ 75]LogModuleManager: Shutting down and abandoning module TVOSTargetPlatform (109)
[2019.12.13-17.49.10:838][ 75]LogModuleManager: Shutting down and abandoning module Messaging (107)
[2019.12.13-17.49.10:838][ 75]LogModuleManager: Shutting down and abandoning module IOSTargetPlatform (105)
[2019.12.13-17.49.10:839][ 75]LogModuleManager: Shutting down and abandoning module HTML5TargetPlatform (103)
[2019.12.13-17.49.10:839][ 75]LogModuleManager: Shutting down and abandoning module AndroidTargetPlatform (101)
[2019.12.13-17.49.10:843][ 75]LogModuleManager: Shutting down and abandoning module WindowsTargetPlatform (99)
[2019.12.13-17.49.10:843][ 75]LogModuleManager: Shutting down and abandoning module WindowsServerTargetPlatform (97)
[2019.12.13-17.49.10:843][ 75]LogModuleManager: Shutting down and abandoning module WindowsNoEditorTargetPlatform (95)
[2019.12.13-17.49.10:843][ 75]LogModuleManager: Shutting down and abandoning module WindowsClientTargetPlatform (93)
[2019.12.13-17.49.10:843][ 75]LogModuleManager: Shutting down and abandoning module MacTargetPlatform (91)
[2019.12.13-17.49.10:843][ 75]LogModuleManager: Shutting down and abandoning module MacServerTargetPlatform (89)
[2019.12.13-17.49.10:843][ 75]LogModuleManager: Shutting down and abandoning module MacNoEditorTargetPlatform (87)
[2019.12.13-17.49.10:843][ 75]LogModuleManager: Shutting down and abandoning module MacClientTargetPlatform (85)
[2019.12.13-17.49.10:843][ 75]LogModuleManager: Shutting down and abandoning module AllDesktopTargetPlatform (83)
[2019.12.13-17.49.10:843][ 75]LogModuleManager: Shutting down and abandoning module InputCore (80)
[2019.12.13-17.49.10:843][ 75]LogModuleManager: Shutting down and abandoning module Settings (78)
[2019.12.13-17.49.10:843][ 75]LogModuleManager: Shutting down and abandoning module DirectoryWatcher (76)
[2019.12.13-17.49.10:843][ 75]LogModuleManager: Shutting down and abandoning module PhysXCooking (74)
[2019.12.13-17.49.10:843][ 75]LogModuleManager: Shutting down and abandoning module SteamVR (72)
[2019.12.13-17.49.10:843][ 75]LogHMD: Freeing OpenVRDLLHandle.
[2019.12.13-17.49.10:843][ 75]LogModuleManager: Shutting down and abandoning module OculusHMD (70)
[2019.12.13-17.49.10:843][ 75]LogModuleManager: Shutting down and abandoning module ExampleDeviceProfileSelector (68)
[2019.12.13-17.49.10:843][ 75]LogModuleManager: Shutting down and abandoning module LauncherChunkInstaller (66)
[2019.12.13-17.49.10:843][ 75]LogModuleManager: Shutting down and abandoning module OnlineBlueprintSupport (64)
[2019.12.13-17.49.10:843][ 75]LogModuleManager: Shutting down and abandoning module OnlineSubsystem (60)
[2019.12.13-17.49.10:844][ 75]LogModuleManager: Shutting down and abandoning module XMPP (55)
[2019.12.13-17.49.10:844][ 75]LogModuleManager: Shutting down and abandoning module WebSockets (54)
[2019.12.13-17.49.10:871][ 75]LogModuleManager: Shutting down and abandoning module HTTP (51)
[2019.12.13-17.49.10:871][ 75]LogHttp: Display: Http module shutting down, but needs to wait on 1 outstanding Http requests:
[2019.12.13-17.49.10:871][ 75]LogHttp: Display: 	verb=[POST] url=[https://datarouter.ol.epicgames.com/datarouter/api/v1/public/data?SessionID=%7BF013684B-4A91-AFA9-2417-1EB77BBDA4D1%7D&AppID=UEEditor.Rocket.Release&AppVersion=4.22.2-6574378%2B%2B%2BUE4%2BRelease-4.22&UserID=ed11c6844fe7e43a6b513ea5feb8b87d%7C8f46aae5e1d8458cb63487509c35eb96%7C66d6a7ff-5f4d-465c-a04f-e6b463662988&AppEnvironment=datacollector-binary&UploadType=eteventstream] status=Processing
[2019.12.13-17.49.10:877][ 75]LogModuleManager: Shutting down and abandoning module SSL (50)
[2019.12.13-17.49.10:878][ 75]LogModuleManager: Shutting down and abandoning module WmfMedia (46)
[2019.12.13-17.49.10:880][ 75]LogModuleManager: Shutting down and abandoning module Media (45)
[2019.12.13-17.49.10:886][ 75]LogModuleManager: Shutting down and abandoning module MagicLeap (42)
[2019.12.13-17.49.10:886][ 75]LogModuleManager: Shutting down and abandoning module DatasmithContent (40)
[2019.12.13-17.49.10:886][ 75]LogModuleManager: Shutting down and abandoning module AnimationModifiers (38)
[2019.12.13-17.49.10:886][ 75]LogModuleManager: Shutting down and abandoning module PropertyEditor (37)
[2019.12.13-17.49.10:886][ 75]LogModuleManager: Shutting down and abandoning module AudioEditor (34)
[2019.12.13-17.49.10:886][ 75]LogModuleManager: Shutting down and abandoning module TextureCompressor (32)
[2019.12.13-17.49.10:886][ 75]LogModuleManager: Shutting down and abandoning module RenderCore (30)
[2019.12.13-17.49.10:886][ 75]LogModuleManager: Shutting down and abandoning module Landscape (28)
[2019.12.13-17.49.10:886][ 75]LogModuleManager: Shutting down and abandoning module SlateRHIRenderer (26)
[2019.12.13-17.49.10:887][ 75]LogModuleManager: Shutting down and abandoning module OpenGLDrv (24)
[2019.12.13-17.49.10:887][ 75]LogModuleManager: Shutting down and abandoning module D3D11RHI (22)
[2019.12.13-17.49.10:887][ 75]LogModuleManager: Shutting down and abandoning module AnimGraphRuntime (20)
[2019.12.13-17.49.10:887][ 75]LogModuleManager: Shutting down and abandoning module Renderer (18)
[2019.12.13-17.49.10:887][ 75]LogModuleManager: Shutting down and abandoning module Engine (16)
[2019.12.13-17.49.10:887][ 75]LogModuleManager: Shutting down and abandoning module CoreUObject (14)
[2019.12.13-17.49.10:887][ 75]LogModuleManager: Shutting down and abandoning module NetworkFile (12)
[2019.12.13-17.49.10:887][ 75]LogModuleManager: Shutting down and abandoning module CookedIterativeFile (10)
[2019.12.13-17.49.10:887][ 75]LogModuleManager: Shutting down and abandoning module StreamingFile (8)
[2019.12.13-17.49.10:887][ 75]LogModuleManager: Shutting down and abandoning module SandboxFile (6)
[2019.12.13-17.49.10:887][ 75]LogModuleManager: Shutting down and abandoning module PakFile (4)
[2019.12.13-17.49.10:887][ 75]LogModuleManager: Shutting down and abandoning module RSA (3)
[2019.12.13-17.49.10:896][ 75]LogExit: Exiting.
[2019.12.13-17.49.10:908][ 75]Log file closed, 12/13/19 18:49:10
